{"C:\\Users\\Gerick and Wendy\\Documents\\aarpg - 55 - final\\Pantheos_4C\\server\\managers\\FriendManager.js": {"path":"C:\\Users\\Gerick and Wendy\\Documents\\aarpg - 55 - final\\Pantheos_4C\\server\\managers\\FriendManager.js","statementMap":{"0":{"start":{"line":6,"column":8},"end":{"line":6,"column":21}},"1":{"start":{"line":7,"column":8},"end":{"line":7,"column":31}},"2":{"start":{"line":8,"column":8},"end":{"line":8,"column":41}},"3":{"start":{"line":13,"column":8},"end":{"line":85,"column":9}},"4":{"start":{"line":15,"column":32},"end":{"line":18,"column":13}},"5":{"start":{"line":19,"column":29},"end":{"line":22,"column":13}},"6":{"start":{"line":24,"column":12},"end":{"line":26,"column":13}},"7":{"start":{"line":25,"column":16},"end":{"line":25,"column":69}},"8":{"start":{"line":29,"column":31},"end":{"line":32,"column":13}},"9":{"start":{"line":34,"column":12},"end":{"line":36,"column":13}},"10":{"start":{"line":35,"column":16},"end":{"line":35,"column":68}},"11":{"start":{"line":39,"column":30},"end":{"line":42,"column":13}},"12":{"start":{"line":44,"column":12},"end":{"line":46,"column":13}},"13":{"start":{"line":45,"column":16},"end":{"line":45,"column":83}},"14":{"start":{"line":49,"column":12},"end":{"line":52,"column":14}},"15":{"start":{"line":55,"column":32},"end":{"line":60,"column":13}},"16":{"start":{"line":62,"column":12},"end":{"line":64,"column":13}},"17":{"start":{"line":63,"column":16},"end":{"line":63,"column":62}},"18":{"start":{"line":65,"column":12},"end":{"line":65,"column":64}},"19":{"start":{"line":70,"column":29},"end":{"line":70,"column":55}},"20":{"start":{"line":71,"column":12},"end":{"line":79,"column":13}},"21":{"start":{"line":72,"column":16},"end":{"line":78,"column":20}},"22":{"start":{"line":81,"column":12},"end":{"line":81,"column":37}},"23":{"start":{"line":83,"column":12},"end":{"line":83,"column":66}},"24":{"start":{"line":84,"column":12},"end":{"line":84,"column":63}},"25":{"start":{"line":90,"column":8},"end":{"line":160,"column":9}},"26":{"start":{"line":92,"column":30},"end":{"line":95,"column":13}},"27":{"start":{"line":97,"column":12},"end":{"line":99,"column":13}},"28":{"start":{"line":98,"column":16},"end":{"line":98,"column":88}},"29":{"start":{"line":102,"column":12},"end":{"line":105,"column":14}},"30":{"start":{"line":108,"column":12},"end":{"line":111,"column":14}},"31":{"start":{"line":114,"column":12},"end":{"line":122,"column":13}},"32":{"start":{"line":115,"column":33},"end":{"line":115,"column":67}},"33":{"start":{"line":116,"column":16},"end":{"line":121,"column":17}},"34":{"start":{"line":117,"column":20},"end":{"line":120,"column":21}},"35":{"start":{"line":118,"column":24},"end":{"line":118,"column":45}},"36":{"start":{"line":119,"column":24},"end":{"line":119,"column":30}},"37":{"start":{"line":125,"column":30},"end":{"line":128,"column":13}},"38":{"start":{"line":130,"column":31},"end":{"line":130,"column":84}},"39":{"start":{"line":130,"column":49},"end":{"line":130,"column":73}},"40":{"start":{"line":131,"column":34},"end":{"line":131,"column":90}},"41":{"start":{"line":131,"column":52},"end":{"line":131,"column":79}},"42":{"start":{"line":134,"column":29},"end":{"line":134,"column":55}},"43":{"start":{"line":135,"column":12},"end":{"line":143,"column":13}},"44":{"start":{"line":136,"column":16},"end":{"line":142,"column":20}},"45":{"start":{"line":145,"column":32},"end":{"line":145,"column":61}},"46":{"start":{"line":146,"column":12},"end":{"line":154,"column":13}},"47":{"start":{"line":147,"column":16},"end":{"line":153,"column":20}},"48":{"start":{"line":156,"column":12},"end":{"line":156,"column":37}},"49":{"start":{"line":158,"column":12},"end":{"line":158,"column":68}},"50":{"start":{"line":159,"column":12},"end":{"line":159,"column":63}},"51":{"start":{"line":165,"column":8},"end":{"line":187,"column":9}},"52":{"start":{"line":167,"column":12},"end":{"line":170,"column":14}},"53":{"start":{"line":173,"column":12},"end":{"line":181,"column":13}},"54":{"start":{"line":174,"column":33},"end":{"line":174,"column":67}},"55":{"start":{"line":175,"column":16},"end":{"line":180,"column":17}},"56":{"start":{"line":176,"column":20},"end":{"line":179,"column":21}},"57":{"start":{"line":177,"column":24},"end":{"line":177,"column":45}},"58":{"start":{"line":178,"column":24},"end":{"line":178,"column":30}},"59":{"start":{"line":183,"column":12},"end":{"line":183,"column":37}},"60":{"start":{"line":185,"column":12},"end":{"line":185,"column":68}},"61":{"start":{"line":186,"column":12},"end":{"line":186,"column":63}},"62":{"start":{"line":192,"column":8},"end":{"line":220,"column":9}},"63":{"start":{"line":194,"column":12},"end":{"line":197,"column":14}},"64":{"start":{"line":200,"column":29},"end":{"line":200,"column":55}},"65":{"start":{"line":201,"column":12},"end":{"line":206,"column":13}},"66":{"start":{"line":202,"column":16},"end":{"line":205,"column":20}},"67":{"start":{"line":208,"column":29},"end":{"line":208,"column":55}},"68":{"start":{"line":209,"column":12},"end":{"line":214,"column":13}},"69":{"start":{"line":210,"column":16},"end":{"line":213,"column":20}},"70":{"start":{"line":216,"column":12},"end":{"line":216,"column":37}},"71":{"start":{"line":218,"column":12},"end":{"line":218,"column":59}},"72":{"start":{"line":219,"column":12},"end":{"line":219,"column":63}},"73":{"start":{"line":225,"column":8},"end":{"line":252,"column":9}},"74":{"start":{"line":226,"column":30},"end":{"line":237,"column":26}},"75":{"start":{"line":240,"column":31},"end":{"line":246,"column":15}},"76":{"start":{"line":240,"column":54},"end":{"line":246,"column":13}},"77":{"start":{"line":248,"column":12},"end":{"line":248,"column":58}},"78":{"start":{"line":250,"column":12},"end":{"line":250,"column":63}},"79":{"start":{"line":251,"column":12},"end":{"line":251,"column":76}},"80":{"start":{"line":257,"column":8},"end":{"line":272,"column":9}},"81":{"start":{"line":258,"column":31},"end":{"line":266,"column":26}},"82":{"start":{"line":268,"column":12},"end":{"line":268,"column":47}},"83":{"start":{"line":270,"column":12},"end":{"line":270,"column":68}},"84":{"start":{"line":271,"column":12},"end":{"line":271,"column":77}},"85":{"start":{"line":278,"column":19},"end":{"line":278,"column":45}},"86":{"start":{"line":279,"column":8},"end":{"line":279,"column":41}},"87":{"start":{"line":284,"column":8},"end":{"line":320,"column":9}},"88":{"start":{"line":286,"column":30},"end":{"line":289,"column":13}},"89":{"start":{"line":291,"column":12},"end":{"line":317,"column":13}},"90":{"start":{"line":293,"column":16},"end":{"line":296,"column":18}},"91":{"start":{"line":299,"column":16},"end":{"line":307,"column":17}},"92":{"start":{"line":300,"column":37},"end":{"line":300,"column":71}},"93":{"start":{"line":301,"column":20},"end":{"line":306,"column":21}},"94":{"start":{"line":302,"column":24},"end":{"line":305,"column":25}},"95":{"start":{"line":303,"column":28},"end":{"line":303,"column":49}},"96":{"start":{"line":304,"column":28},"end":{"line":304,"column":34}},"97":{"start":{"line":310,"column":33},"end":{"line":310,"column":59}},"98":{"start":{"line":311,"column":16},"end":{"line":316,"column":17}},"99":{"start":{"line":312,"column":20},"end":{"line":315,"column":24}},"100":{"start":{"line":319,"column":12},"end":{"line":319,"column":67}},"101":{"start":{"line":325,"column":8},"end":{"line":352,"column":9}},"102":{"start":{"line":326,"column":30},"end":{"line":329,"column":13}},"103":{"start":{"line":331,"column":29},"end":{"line":334,"column":13}},"104":{"start":{"line":336,"column":12},"end":{"line":349,"column":13}},"105":{"start":{"line":337,"column":16},"end":{"line":348,"column":19}},"106":{"start":{"line":338,"column":37},"end":{"line":338,"column":71}},"107":{"start":{"line":339,"column":20},"end":{"line":347,"column":21}},"108":{"start":{"line":340,"column":24},"end":{"line":346,"column":28}},"109":{"start":{"line":351,"column":12},"end":{"line":351,"column":68}},"110":{"start":{"line":357,"column":8},"end":{"line":376,"column":9}},"111":{"start":{"line":358,"column":30},"end":{"line":361,"column":13}},"112":{"start":{"line":363,"column":12},"end":{"line":373,"column":15}},"113":{"start":{"line":364,"column":33},"end":{"line":364,"column":67}},"114":{"start":{"line":365,"column":16},"end":{"line":372,"column":17}},"115":{"start":{"line":366,"column":20},"end":{"line":371,"column":24}},"116":{"start":{"line":375,"column":12},"end":{"line":375,"column":69}},"117":{"start":{"line":380,"column":0},"end":{"line":380,"column":31}}},"fnMap":{"0":{"name":"(anonymous_0)","decl":{"start":{"line":5,"column":4},"end":{"line":5,"column":5}},"loc":{"start":{"line":5,"column":29},"end":{"line":9,"column":5}},"line":5},"1":{"name":"(anonymous_1)","decl":{"start":{"line":12,"column":4},"end":{"line":12,"column":5}},"loc":{"start":{"line":12,"column":51},"end":{"line":86,"column":5}},"line":12},"2":{"name":"(anonymous_2)","decl":{"start":{"line":89,"column":4},"end":{"line":89,"column":5}},"loc":{"start":{"line":89,"column":53},"end":{"line":161,"column":5}},"line":89},"3":{"name":"(anonymous_3)","decl":{"start":{"line":130,"column":44},"end":{"line":130,"column":45}},"loc":{"start":{"line":130,"column":49},"end":{"line":130,"column":73}},"line":130},"4":{"name":"(anonymous_4)","decl":{"start":{"line":131,"column":47},"end":{"line":131,"column":48}},"loc":{"start":{"line":131,"column":52},"end":{"line":131,"column":79}},"line":131},"5":{"name":"(anonymous_5)","decl":{"start":{"line":164,"column":4},"end":{"line":164,"column":5}},"loc":{"start":{"line":164,"column":54},"end":{"line":188,"column":5}},"line":164},"6":{"name":"(anonymous_6)","decl":{"start":{"line":191,"column":4},"end":{"line":191,"column":5}},"loc":{"start":{"line":191,"column":43},"end":{"line":221,"column":5}},"line":191},"7":{"name":"(anonymous_7)","decl":{"start":{"line":224,"column":4},"end":{"line":224,"column":5}},"loc":{"start":{"line":224,"column":34},"end":{"line":253,"column":5}},"line":224},"8":{"name":"(anonymous_8)","decl":{"start":{"line":240,"column":43},"end":{"line":240,"column":44}},"loc":{"start":{"line":240,"column":54},"end":{"line":246,"column":13}},"line":240},"9":{"name":"(anonymous_9)","decl":{"start":{"line":256,"column":4},"end":{"line":256,"column":5}},"loc":{"start":{"line":256,"column":39},"end":{"line":273,"column":5}},"line":256},"10":{"name":"(anonymous_10)","decl":{"start":{"line":276,"column":4},"end":{"line":276,"column":5}},"loc":{"start":{"line":276,"column":29},"end":{"line":280,"column":5}},"line":276},"11":{"name":"(anonymous_11)","decl":{"start":{"line":283,"column":4},"end":{"line":283,"column":5}},"loc":{"start":{"line":283,"column":53},"end":{"line":321,"column":5}},"line":283},"12":{"name":"(anonymous_12)","decl":{"start":{"line":324,"column":4},"end":{"line":324,"column":5}},"loc":{"start":{"line":324,"column":40},"end":{"line":353,"column":5}},"line":324},"13":{"name":"(anonymous_13)","decl":{"start":{"line":337,"column":32},"end":{"line":337,"column":33}},"loc":{"start":{"line":337,"column":42},"end":{"line":348,"column":17}},"line":337},"14":{"name":"(anonymous_14)","decl":{"start":{"line":356,"column":4},"end":{"line":356,"column":5}},"loc":{"start":{"line":356,"column":41},"end":{"line":377,"column":5}},"line":356},"15":{"name":"(anonymous_15)","decl":{"start":{"line":363,"column":28},"end":{"line":363,"column":29}},"loc":{"start":{"line":363,"column":38},"end":{"line":373,"column":13}},"line":363}},"branchMap":{"0":{"loc":{"start":{"line":24,"column":12},"end":{"line":26,"column":13}},"type":"if","locations":[{"start":{"line":24,"column":12},"end":{"line":26,"column":13}},{"start":{},"end":{}}],"line":24},"1":{"loc":{"start":{"line":24,"column":16},"end":{"line":24,"column":51}},"type":"binary-expr","locations":[{"start":{"line":24,"column":16},"end":{"line":24,"column":33}},{"start":{"line":24,"column":37},"end":{"line":24,"column":51}}],"line":24},"2":{"loc":{"start":{"line":34,"column":12},"end":{"line":36,"column":13}},"type":"if","locations":[{"start":{"line":34,"column":12},"end":{"line":36,"column":13}},{"start":{},"end":{}}],"line":34},"3":{"loc":{"start":{"line":44,"column":12},"end":{"line":46,"column":13}},"type":"if","locations":[{"start":{"line":44,"column":12},"end":{"line":46,"column":13}},{"start":{},"end":{}}],"line":44},"4":{"loc":{"start":{"line":62,"column":12},"end":{"line":64,"column":13}},"type":"if","locations":[{"start":{"line":62,"column":12},"end":{"line":64,"column":13}},{"start":{},"end":{}}],"line":62},"5":{"loc":{"start":{"line":71,"column":12},"end":{"line":79,"column":13}},"type":"if","locations":[{"start":{"line":71,"column":12},"end":{"line":79,"column":13}},{"start":{},"end":{}}],"line":71},"6":{"loc":{"start":{"line":71,"column":16},"end":{"line":71,"column":53}},"type":"binary-expr","locations":[{"start":{"line":71,"column":16},"end":{"line":71,"column":24}},{"start":{"line":71,"column":28},"end":{"line":71,"column":53}}],"line":71},"7":{"loc":{"start":{"line":97,"column":12},"end":{"line":99,"column":13}},"type":"if","locations":[{"start":{"line":97,"column":12},"end":{"line":99,"column":13}},{"start":{},"end":{}}],"line":97},"8":{"loc":{"start":{"line":114,"column":12},"end":{"line":122,"column":13}},"type":"if","locations":[{"start":{"line":114,"column":12},"end":{"line":122,"column":13}},{"start":{},"end":{}}],"line":114},"9":{"loc":{"start":{"line":117,"column":20},"end":{"line":120,"column":21}},"type":"if","locations":[{"start":{"line":117,"column":20},"end":{"line":120,"column":21}},{"start":{},"end":{}}],"line":117},"10":{"loc":{"start":{"line":135,"column":12},"end":{"line":143,"column":13}},"type":"if","locations":[{"start":{"line":135,"column":12},"end":{"line":143,"column":13}},{"start":{},"end":{}}],"line":135},"11":{"loc":{"start":{"line":135,"column":16},"end":{"line":135,"column":53}},"type":"binary-expr","locations":[{"start":{"line":135,"column":16},"end":{"line":135,"column":24}},{"start":{"line":135,"column":28},"end":{"line":135,"column":53}}],"line":135},"12":{"loc":{"start":{"line":146,"column":12},"end":{"line":154,"column":13}},"type":"if","locations":[{"start":{"line":146,"column":12},"end":{"line":154,"column":13}},{"start":{},"end":{}}],"line":146},"13":{"loc":{"start":{"line":146,"column":16},"end":{"line":146,"column":59}},"type":"binary-expr","locations":[{"start":{"line":146,"column":16},"end":{"line":146,"column":27}},{"start":{"line":146,"column":31},"end":{"line":146,"column":59}}],"line":146},"14":{"loc":{"start":{"line":173,"column":12},"end":{"line":181,"column":13}},"type":"if","locations":[{"start":{"line":173,"column":12},"end":{"line":181,"column":13}},{"start":{},"end":{}}],"line":173},"15":{"loc":{"start":{"line":176,"column":20},"end":{"line":179,"column":21}},"type":"if","locations":[{"start":{"line":176,"column":20},"end":{"line":179,"column":21}},{"start":{},"end":{}}],"line":176},"16":{"loc":{"start":{"line":201,"column":12},"end":{"line":206,"column":13}},"type":"if","locations":[{"start":{"line":201,"column":12},"end":{"line":206,"column":13}},{"start":{},"end":{}}],"line":201},"17":{"loc":{"start":{"line":201,"column":16},"end":{"line":201,"column":53}},"type":"binary-expr","locations":[{"start":{"line":201,"column":16},"end":{"line":201,"column":24}},{"start":{"line":201,"column":28},"end":{"line":201,"column":53}}],"line":201},"18":{"loc":{"start":{"line":209,"column":12},"end":{"line":214,"column":13}},"type":"if","locations":[{"start":{"line":209,"column":12},"end":{"line":214,"column":13}},{"start":{},"end":{}}],"line":209},"19":{"loc":{"start":{"line":209,"column":16},"end":{"line":209,"column":53}},"type":"binary-expr","locations":[{"start":{"line":209,"column":16},"end":{"line":209,"column":24}},{"start":{"line":209,"column":28},"end":{"line":209,"column":53}}],"line":209},"20":{"loc":{"start":{"line":279,"column":15},"end":{"line":279,"column":40}},"type":"binary-expr","locations":[{"start":{"line":279,"column":15},"end":{"line":279,"column":17}},{"start":{"line":279,"column":21},"end":{"line":279,"column":40}}],"line":279},"21":{"loc":{"start":{"line":291,"column":12},"end":{"line":317,"column":13}},"type":"if","locations":[{"start":{"line":291,"column":12},"end":{"line":317,"column":13}},{"start":{},"end":{}}],"line":291},"22":{"loc":{"start":{"line":299,"column":16},"end":{"line":307,"column":17}},"type":"if","locations":[{"start":{"line":299,"column":16},"end":{"line":307,"column":17}},{"start":{},"end":{}}],"line":299},"23":{"loc":{"start":{"line":302,"column":24},"end":{"line":305,"column":25}},"type":"if","locations":[{"start":{"line":302,"column":24},"end":{"line":305,"column":25}},{"start":{},"end":{}}],"line":302},"24":{"loc":{"start":{"line":311,"column":16},"end":{"line":316,"column":17}},"type":"if","locations":[{"start":{"line":311,"column":16},"end":{"line":316,"column":17}},{"start":{},"end":{}}],"line":311},"25":{"loc":{"start":{"line":311,"column":20},"end":{"line":311,"column":57}},"type":"binary-expr","locations":[{"start":{"line":311,"column":20},"end":{"line":311,"column":28}},{"start":{"line":311,"column":32},"end":{"line":311,"column":57}}],"line":311},"26":{"loc":{"start":{"line":336,"column":12},"end":{"line":349,"column":13}},"type":"if","locations":[{"start":{"line":336,"column":12},"end":{"line":349,"column":13}},{"start":{},"end":{}}],"line":336},"27":{"loc":{"start":{"line":339,"column":20},"end":{"line":347,"column":21}},"type":"if","locations":[{"start":{"line":339,"column":20},"end":{"line":347,"column":21}},{"start":{},"end":{}}],"line":339},"28":{"loc":{"start":{"line":339,"column":24},"end":{"line":339,"column":61}},"type":"binary-expr","locations":[{"start":{"line":339,"column":24},"end":{"line":339,"column":32}},{"start":{"line":339,"column":36},"end":{"line":339,"column":61}}],"line":339},"29":{"loc":{"start":{"line":365,"column":16},"end":{"line":372,"column":17}},"type":"if","locations":[{"start":{"line":365,"column":16},"end":{"line":372,"column":17}},{"start":{},"end":{}}],"line":365},"30":{"loc":{"start":{"line":365,"column":20},"end":{"line":365,"column":57}},"type":"binary-expr","locations":[{"start":{"line":365,"column":20},"end":{"line":365,"column":28}},{"start":{"line":365,"column":32},"end":{"line":365,"column":57}}],"line":365}},"s":{"0":0,"1":0,"2":0,"3":0,"4":0,"5":0,"6":0,"7":0,"8":0,"9":0,"10":0,"11":0,"12":0,"13":0,"14":0,"15":0,"16":0,"17":0,"18":0,"19":0,"20":0,"21":0,"22":0,"23":0,"24":0,"25":0,"26":0,"27":0,"28":0,"29":0,"30":0,"31":0,"32":0,"33":0,"34":0,"35":0,"36":0,"37":0,"38":0,"39":0,"40":0,"41":0,"42":0,"43":0,"44":0,"45":0,"46":0,"47":0,"48":0,"49":0,"50":0,"51":0,"52":0,"53":0,"54":0,"55":0,"56":0,"57":0,"58":0,"59":0,"60":0,"61":0,"62":0,"63":0,"64":0,"65":0,"66":0,"67":0,"68":0,"69":0,"70":0,"71":0,"72":0,"73":0,"74":0,"75":0,"76":0,"77":0,"78":0,"79":0,"80":0,"81":0,"82":0,"83":0,"84":0,"85":0,"86":0,"87":0,"88":0,"89":0,"90":0,"91":0,"92":0,"93":0,"94":0,"95":0,"96":0,"97":0,"98":0,"99":0,"100":0,"101":0,"102":0,"103":0,"104":0,"105":0,"106":0,"107":0,"108":0,"109":0,"110":0,"111":0,"112":0,"113":0,"114":0,"115":0,"116":0,"117":0},"f":{"0":0,"1":0,"2":0,"3":0,"4":0,"5":0,"6":0,"7":0,"8":0,"9":0,"10":0,"11":0,"12":0,"13":0,"14":0,"15":0},"b":{"0":[0,0],"1":[0,0],"2":[0,0],"3":[0,0],"4":[0,0],"5":[0,0],"6":[0,0],"7":[0,0],"8":[0,0],"9":[0,0],"10":[0,0],"11":[0,0],"12":[0,0],"13":[0,0],"14":[0,0],"15":[0,0],"16":[0,0],"17":[0,0],"18":[0,0],"19":[0,0],"20":[0,0],"21":[0,0],"22":[0,0],"23":[0,0],"24":[0,0],"25":[0,0],"26":[0,0],"27":[0,0],"28":[0,0],"29":[0,0],"30":[0,0]}}
,"C:\\Users\\Gerick and Wendy\\Documents\\aarpg - 55 - final\\Pantheos_4C\\server\\managers\\MonsterManager.js": {"path":"C:\\Users\\Gerick and Wendy\\Documents\\aarpg - 55 - final\\Pantheos_4C\\server\\managers\\MonsterManager.js","statementMap":{"0":{"start":{"line":4,"column":8},"end":{"line":4,"column":34}},"1":{"start":{"line":5,"column":8},"end":{"line":5,"column":31}},"2":{"start":{"line":6,"column":8},"end":{"line":6,"column":30}},"3":{"start":{"line":11,"column":8},"end":{"line":11,"column":94}},"4":{"start":{"line":12,"column":8},"end":{"line":12,"column":39}},"5":{"start":{"line":15,"column":8},"end":{"line":17,"column":11}},"6":{"start":{"line":16,"column":12},"end":{"line":16,"column":42}},"7":{"start":{"line":22,"column":26},"end":{"line":22,"column":46}},"8":{"start":{"line":24,"column":24},"end":{"line":38,"column":9}},"9":{"start":{"line":40,"column":8},"end":{"line":40,"column":46}},"10":{"start":{"line":41,"column":8},"end":{"line":41,"column":23}},"11":{"start":{"line":46,"column":8},"end":{"line":54,"column":9}},"12":{"start":{"line":48,"column":12},"end":{"line":48,"column":109}},"13":{"start":{"line":48,"column":66},"end":{"line":48,"column":107}},"14":{"start":{"line":51,"column":12},"end":{"line":53,"column":14}},"15":{"start":{"line":52,"column":16},"end":{"line":52,"column":85}},"16":{"start":{"line":59,"column":24},"end":{"line":59,"column":52}},"17":{"start":{"line":60,"column":8},"end":{"line":62,"column":9}},"18":{"start":{"line":61,"column":12},"end":{"line":61,"column":24}},"19":{"start":{"line":64,"column":8},"end":{"line":64,"column":29}},"20":{"start":{"line":65,"column":8},"end":{"line":65,"column":46}},"21":{"start":{"line":67,"column":8},"end":{"line":81,"column":9}},"22":{"start":{"line":68,"column":12},"end":{"line":68,"column":27}},"23":{"start":{"line":69,"column":12},"end":{"line":69,"column":35}},"24":{"start":{"line":72,"column":12},"end":{"line":74,"column":37}},"25":{"start":{"line":73,"column":16},"end":{"line":73,"column":47}},"26":{"start":{"line":76,"column":12},"end":{"line":80,"column":14}},"27":{"start":{"line":83,"column":8},"end":{"line":88,"column":10}},"28":{"start":{"line":93,"column":24},"end":{"line":93,"column":52}},"29":{"start":{"line":94,"column":8},"end":{"line":94,"column":29}},"30":{"start":{"line":94,"column":22},"end":{"line":94,"column":29}},"31":{"start":{"line":97,"column":8},"end":{"line":97,"column":36}},"32":{"start":{"line":98,"column":8},"end":{"line":98,"column":31}},"33":{"start":{"line":99,"column":8},"end":{"line":99,"column":40}},"34":{"start":{"line":100,"column":8},"end":{"line":100,"column":42}},"35":{"start":{"line":101,"column":8},"end":{"line":101,"column":42}},"36":{"start":{"line":103,"column":8},"end":{"line":103,"column":86}},"37":{"start":{"line":106,"column":8},"end":{"line":108,"column":9}},"38":{"start":{"line":107,"column":12},"end":{"line":107,"column":36}},"39":{"start":{"line":110,"column":8},"end":{"line":110,"column":23}},"40":{"start":{"line":115,"column":8},"end":{"line":115,"column":34}},"41":{"start":{"line":120,"column":24},"end":{"line":120,"column":52}},"42":{"start":{"line":121,"column":8},"end":{"line":126,"column":9}},"43":{"start":{"line":122,"column":12},"end":{"line":122,"column":26}},"44":{"start":{"line":123,"column":12},"end":{"line":123,"column":26}},"45":{"start":{"line":124,"column":12},"end":{"line":124,"column":54}},"46":{"start":{"line":125,"column":12},"end":{"line":125,"column":24}},"47":{"start":{"line":127,"column":8},"end":{"line":127,"column":21}},"48":{"start":{"line":132,"column":26},"end":{"line":132,"column":28}},"49":{"start":{"line":133,"column":8},"end":{"line":141,"column":11}},"50":{"start":{"line":134,"column":12},"end":{"line":140,"column":13}},"51":{"start":{"line":135,"column":16},"end":{"line":139,"column":19}},"52":{"start":{"line":142,"column":8},"end":{"line":142,"column":25}},"53":{"start":{"line":147,"column":8},"end":{"line":211,"column":11}},"54":{"start":{"line":148,"column":12},"end":{"line":148,"column":49}},"55":{"start":{"line":148,"column":42},"end":{"line":148,"column":49}},"56":{"start":{"line":150,"column":32},"end":{"line":150,"column":35}},"57":{"start":{"line":151,"column":33},"end":{"line":151,"column":35}},"58":{"start":{"line":152,"column":31},"end":{"line":152,"column":33}},"59":{"start":{"line":153,"column":36},"end":{"line":153,"column":39}},"60":{"start":{"line":156,"column":32},"end":{"line":156,"column":36}},"61":{"start":{"line":157,"column":34},"end":{"line":157,"column":42}},"62":{"start":{"line":159,"column":12},"end":{"line":168,"column":15}},"63":{"start":{"line":160,"column":27},"end":{"line":160,"column":47}},"64":{"start":{"line":161,"column":27},"end":{"line":161,"column":47}},"65":{"start":{"line":162,"column":33},"end":{"line":162,"column":61}},"66":{"start":{"line":164,"column":16},"end":{"line":167,"column":17}},"67":{"start":{"line":165,"column":20},"end":{"line":165,"column":47}},"68":{"start":{"line":166,"column":20},"end":{"line":166,"column":43}},"69":{"start":{"line":171,"column":28},"end":{"line":171,"column":61}},"70":{"start":{"line":172,"column":28},"end":{"line":172,"column":61}},"71":{"start":{"line":173,"column":34},"end":{"line":173,"column":82}},"72":{"start":{"line":176,"column":12},"end":{"line":210,"column":13}},"73":{"start":{"line":178,"column":16},"end":{"line":178,"column":44}},"74":{"start":{"line":179,"column":16},"end":{"line":179,"column":111}},"75":{"start":{"line":180,"column":19},"end":{"line":210,"column":13}},"76":{"start":{"line":182,"column":16},"end":{"line":182,"column":42}},"77":{"start":{"line":183,"column":16},"end":{"line":183,"column":67}},"78":{"start":{"line":184,"column":16},"end":{"line":184,"column":99}},"79":{"start":{"line":187,"column":16},"end":{"line":187,"column":39}},"80":{"start":{"line":188,"column":16},"end":{"line":188,"column":48}},"81":{"start":{"line":191,"column":16},"end":{"line":197,"column":17}},"82":{"start":{"line":192,"column":20},"end":{"line":192,"column":65}},"83":{"start":{"line":193,"column":20},"end":{"line":196,"column":22}},"84":{"start":{"line":199,"column":16},"end":{"line":199,"column":50}},"85":{"start":{"line":201,"column":16},"end":{"line":209,"column":17}},"86":{"start":{"line":202,"column":31},"end":{"line":202,"column":66}},"87":{"start":{"line":203,"column":31},"end":{"line":203,"column":66}},"88":{"start":{"line":204,"column":37},"end":{"line":204,"column":65}},"89":{"start":{"line":206,"column":20},"end":{"line":208,"column":21}},"90":{"start":{"line":207,"column":24},"end":{"line":207,"column":129}},"91":{"start":{"line":216,"column":19},"end":{"line":216,"column":38}},"92":{"start":{"line":217,"column":19},"end":{"line":217,"column":38}},"93":{"start":{"line":218,"column":25},"end":{"line":218,"column":53}},"94":{"start":{"line":220,"column":8},"end":{"line":223,"column":9}},"95":{"start":{"line":221,"column":12},"end":{"line":221,"column":49}},"96":{"start":{"line":222,"column":12},"end":{"line":222,"column":49}},"97":{"start":{"line":228,"column":8},"end":{"line":228,"column":44}},"98":{"start":{"line":233,"column":8},"end":{"line":233,"column":30}},"99":{"start":{"line":234,"column":8},"end":{"line":234,"column":31}},"100":{"start":{"line":238,"column":0},"end":{"line":238,"column":32}}},"fnMap":{"0":{"name":"(anonymous_0)","decl":{"start":{"line":3,"column":4},"end":{"line":3,"column":5}},"loc":{"start":{"line":3,"column":18},"end":{"line":7,"column":5}},"line":3},"1":{"name":"(anonymous_1)","decl":{"start":{"line":10,"column":4},"end":{"line":10,"column":5}},"loc":{"start":{"line":10,"column":42},"end":{"line":18,"column":5}},"line":10},"2":{"name":"(anonymous_2)","decl":{"start":{"line":15,"column":28},"end":{"line":15,"column":29}},"loc":{"start":{"line":15,"column":42},"end":{"line":17,"column":9}},"line":15},"3":{"name":"(anonymous_3)","decl":{"start":{"line":21,"column":4},"end":{"line":21,"column":5}},"loc":{"start":{"line":21,"column":29},"end":{"line":42,"column":5}},"line":21},"4":{"name":"(anonymous_4)","decl":{"start":{"line":45,"column":4},"end":{"line":45,"column":5}},"loc":{"start":{"line":45,"column":32},"end":{"line":55,"column":5}},"line":45},"5":{"name":"(anonymous_5)","decl":{"start":{"line":48,"column":61},"end":{"line":48,"column":62}},"loc":{"start":{"line":48,"column":66},"end":{"line":48,"column":107}},"line":48},"6":{"name":"(anonymous_6)","decl":{"start":{"line":51,"column":61},"end":{"line":51,"column":62}},"loc":{"start":{"line":52,"column":16},"end":{"line":52,"column":85}},"line":52},"7":{"name":"(anonymous_7)","decl":{"start":{"line":58,"column":4},"end":{"line":58,"column":5}},"loc":{"start":{"line":58,"column":49},"end":{"line":89,"column":5}},"line":58},"8":{"name":"(anonymous_8)","decl":{"start":{"line":72,"column":23},"end":{"line":72,"column":24}},"loc":{"start":{"line":72,"column":29},"end":{"line":74,"column":13}},"line":72},"9":{"name":"(anonymous_9)","decl":{"start":{"line":92,"column":4},"end":{"line":92,"column":5}},"loc":{"start":{"line":92,"column":30},"end":{"line":111,"column":5}},"line":92},"10":{"name":"(anonymous_10)","decl":{"start":{"line":114,"column":4},"end":{"line":114,"column":5}},"loc":{"start":{"line":114,"column":33},"end":{"line":116,"column":5}},"line":114},"11":{"name":"(anonymous_11)","decl":{"start":{"line":119,"column":4},"end":{"line":119,"column":5}},"loc":{"start":{"line":119,"column":43},"end":{"line":128,"column":5}},"line":119},"12":{"name":"(anonymous_12)","decl":{"start":{"line":131,"column":4},"end":{"line":131,"column":5}},"loc":{"start":{"line":131,"column":26},"end":{"line":143,"column":5}},"line":131},"13":{"name":"(anonymous_13)","decl":{"start":{"line":133,"column":30},"end":{"line":133,"column":31}},"loc":{"start":{"line":133,"column":47},"end":{"line":141,"column":9}},"line":133},"14":{"name":"(anonymous_14)","decl":{"start":{"line":146,"column":4},"end":{"line":146,"column":5}},"loc":{"start":{"line":146,"column":39},"end":{"line":212,"column":5}},"line":146},"15":{"name":"(anonymous_15)","decl":{"start":{"line":147,"column":30},"end":{"line":147,"column":31}},"loc":{"start":{"line":147,"column":47},"end":{"line":211,"column":9}},"line":147},"16":{"name":"(anonymous_16)","decl":{"start":{"line":159,"column":28},"end":{"line":159,"column":29}},"loc":{"start":{"line":159,"column":38},"end":{"line":168,"column":13}},"line":159},"17":{"name":"(anonymous_17)","decl":{"start":{"line":215,"column":4},"end":{"line":215,"column":5}},"loc":{"start":{"line":215,"column":49},"end":{"line":224,"column":5}},"line":215},"18":{"name":"(anonymous_18)","decl":{"start":{"line":227,"column":4},"end":{"line":227,"column":5}},"loc":{"start":{"line":227,"column":26},"end":{"line":229,"column":5}},"line":227},"19":{"name":"(anonymous_19)","decl":{"start":{"line":232,"column":4},"end":{"line":232,"column":5}},"loc":{"start":{"line":232,"column":15},"end":{"line":235,"column":5}},"line":232}},"branchMap":{"0":{"loc":{"start":{"line":26,"column":18},"end":{"line":26,"column":44}},"type":"binary-expr","locations":[{"start":{"line":26,"column":18},"end":{"line":26,"column":33}},{"start":{"line":26,"column":37},"end":{"line":26,"column":44}}],"line":26},"1":{"loc":{"start":{"line":29,"column":16},"end":{"line":29,"column":39}},"type":"binary-expr","locations":[{"start":{"line":29,"column":16},"end":{"line":29,"column":33}},{"start":{"line":29,"column":37},"end":{"line":29,"column":39}}],"line":29},"2":{"loc":{"start":{"line":30,"column":20},"end":{"line":30,"column":43}},"type":"binary-expr","locations":[{"start":{"line":30,"column":20},"end":{"line":30,"column":37}},{"start":{"line":30,"column":41},"end":{"line":30,"column":43}}],"line":30},"3":{"loc":{"start":{"line":31,"column":19},"end":{"line":31,"column":40}},"type":"binary-expr","locations":[{"start":{"line":31,"column":19},"end":{"line":31,"column":35}},{"start":{"line":31,"column":39},"end":{"line":31,"column":40}}],"line":31},"4":{"loc":{"start":{"line":35,"column":22},"end":{"line":35,"column":49}},"type":"binary-expr","locations":[{"start":{"line":35,"column":22},"end":{"line":35,"column":41}},{"start":{"line":35,"column":45},"end":{"line":35,"column":49}}],"line":35},"5":{"loc":{"start":{"line":36,"column":26},"end":{"line":36,"column":58}},"type":"binary-expr","locations":[{"start":{"line":36,"column":26},"end":{"line":36,"column":49}},{"start":{"line":36,"column":53},"end":{"line":36,"column":58}}],"line":36},"6":{"loc":{"start":{"line":45,"column":16},"end":{"line":45,"column":30}},"type":"default-arg","locations":[{"start":{"line":45,"column":26},"end":{"line":45,"column":30}}],"line":45},"7":{"loc":{"start":{"line":46,"column":8},"end":{"line":54,"column":9}},"type":"if","locations":[{"start":{"line":46,"column":8},"end":{"line":54,"column":9}},{"start":{"line":49,"column":15},"end":{"line":54,"column":9}}],"line":46},"8":{"loc":{"start":{"line":48,"column":66},"end":{"line":48,"column":107}},"type":"binary-expr","locations":[{"start":{"line":48,"column":66},"end":{"line":48,"column":85}},{"start":{"line":48,"column":89},"end":{"line":48,"column":107}}],"line":48},"9":{"loc":{"start":{"line":52,"column":16},"end":{"line":52,"column":85}},"type":"binary-expr","locations":[{"start":{"line":52,"column":17},"end":{"line":52,"column":36}},{"start":{"line":52,"column":40},"end":{"line":52,"column":62}},{"start":{"line":52,"column":67},"end":{"line":52,"column":85}}],"line":52},"10":{"loc":{"start":{"line":60,"column":8},"end":{"line":62,"column":9}},"type":"if","locations":[{"start":{"line":60,"column":8},"end":{"line":62,"column":9}},{"start":{},"end":{}}],"line":60},"11":{"loc":{"start":{"line":60,"column":12},"end":{"line":60,"column":48}},"type":"binary-expr","locations":[{"start":{"line":60,"column":12},"end":{"line":60,"column":20}},{"start":{"line":60,"column":24},"end":{"line":60,"column":48}}],"line":60},"12":{"loc":{"start":{"line":67,"column":8},"end":{"line":81,"column":9}},"type":"if","locations":[{"start":{"line":67,"column":8},"end":{"line":81,"column":9}},{"start":{},"end":{}}],"line":67},"13":{"loc":{"start":{"line":94,"column":8},"end":{"line":94,"column":29}},"type":"if","locations":[{"start":{"line":94,"column":8},"end":{"line":94,"column":29}},{"start":{},"end":{}}],"line":94},"14":{"loc":{"start":{"line":106,"column":8},"end":{"line":108,"column":9}},"type":"if","locations":[{"start":{"line":106,"column":8},"end":{"line":108,"column":9}},{"start":{},"end":{}}],"line":106},"15":{"loc":{"start":{"line":121,"column":8},"end":{"line":126,"column":9}},"type":"if","locations":[{"start":{"line":121,"column":8},"end":{"line":126,"column":9}},{"start":{},"end":{}}],"line":121},"16":{"loc":{"start":{"line":121,"column":12},"end":{"line":121,"column":47}},"type":"binary-expr","locations":[{"start":{"line":121,"column":12},"end":{"line":121,"column":19}},{"start":{"line":121,"column":23},"end":{"line":121,"column":47}}],"line":121},"17":{"loc":{"start":{"line":134,"column":12},"end":{"line":140,"column":13}},"type":"if","locations":[{"start":{"line":134,"column":12},"end":{"line":140,"column":13}},{"start":{},"end":{}}],"line":134},"18":{"loc":{"start":{"line":146,"column":22},"end":{"line":146,"column":37}},"type":"default-arg","locations":[{"start":{"line":146,"column":34},"end":{"line":146,"column":37}}],"line":146},"19":{"loc":{"start":{"line":148,"column":12},"end":{"line":148,"column":49}},"type":"if","locations":[{"start":{"line":148,"column":12},"end":{"line":148,"column":49}},{"start":{},"end":{}}],"line":148},"20":{"loc":{"start":{"line":164,"column":16},"end":{"line":167,"column":17}},"type":"if","locations":[{"start":{"line":164,"column":16},"end":{"line":167,"column":17}},{"start":{},"end":{}}],"line":164},"21":{"loc":{"start":{"line":176,"column":12},"end":{"line":210,"column":13}},"type":"if","locations":[{"start":{"line":176,"column":12},"end":{"line":210,"column":13}},{"start":{"line":180,"column":19},"end":{"line":210,"column":13}}],"line":176},"22":{"loc":{"start":{"line":180,"column":19},"end":{"line":210,"column":13}},"type":"if","locations":[{"start":{"line":180,"column":19},"end":{"line":210,"column":13}},{"start":{"line":185,"column":19},"end":{"line":210,"column":13}}],"line":180},"23":{"loc":{"start":{"line":180,"column":23},"end":{"line":180,"column":69}},"type":"binary-expr","locations":[{"start":{"line":180,"column":23},"end":{"line":180,"column":36}},{"start":{"line":180,"column":40},"end":{"line":180,"column":69}}],"line":180},"24":{"loc":{"start":{"line":191,"column":16},"end":{"line":197,"column":17}},"type":"if","locations":[{"start":{"line":191,"column":16},"end":{"line":197,"column":17}},{"start":{},"end":{}}],"line":191},"25":{"loc":{"start":{"line":191,"column":20},"end":{"line":191,"column":70}},"type":"binary-expr","locations":[{"start":{"line":191,"column":20},"end":{"line":191,"column":41}},{"start":{"line":191,"column":45},"end":{"line":191,"column":70}}],"line":191},"26":{"loc":{"start":{"line":201,"column":16},"end":{"line":209,"column":17}},"type":"if","locations":[{"start":{"line":201,"column":16},"end":{"line":209,"column":17}},{"start":{},"end":{}}],"line":201},"27":{"loc":{"start":{"line":206,"column":20},"end":{"line":208,"column":21}},"type":"if","locations":[{"start":{"line":206,"column":20},"end":{"line":208,"column":21}},{"start":{},"end":{}}],"line":206},"28":{"loc":{"start":{"line":220,"column":8},"end":{"line":223,"column":9}},"type":"if","locations":[{"start":{"line":220,"column":8},"end":{"line":223,"column":9}},{"start":{},"end":{}}],"line":220}},"s":{"0":0,"1":0,"2":0,"3":0,"4":0,"5":0,"6":0,"7":0,"8":0,"9":0,"10":0,"11":0,"12":0,"13":0,"14":0,"15":0,"16":0,"17":0,"18":0,"19":0,"20":0,"21":0,"22":0,"23":0,"24":0,"25":0,"26":0,"27":0,"28":0,"29":0,"30":0,"31":0,"32":0,"33":0,"34":0,"35":0,"36":0,"37":0,"38":0,"39":0,"40":0,"41":0,"42":0,"43":0,"44":0,"45":0,"46":0,"47":0,"48":0,"49":0,"50":0,"51":0,"52":0,"53":0,"54":0,"55":0,"56":0,"57":0,"58":0,"59":0,"60":0,"61":0,"62":0,"63":0,"64":0,"65":0,"66":0,"67":0,"68":0,"69":0,"70":0,"71":0,"72":0,"73":0,"74":0,"75":0,"76":0,"77":0,"78":0,"79":0,"80":0,"81":0,"82":0,"83":0,"84":0,"85":0,"86":0,"87":0,"88":0,"89":0,"90":0,"91":0,"92":0,"93":0,"94":0,"95":0,"96":0,"97":0,"98":0,"99":0,"100":0},"f":{"0":0,"1":0,"2":0,"3":0,"4":0,"5":0,"6":0,"7":0,"8":0,"9":0,"10":0,"11":0,"12":0,"13":0,"14":0,"15":0,"16":0,"17":0,"18":0,"19":0},"b":{"0":[0,0],"1":[0,0],"2":[0,0],"3":[0,0],"4":[0,0],"5":[0,0],"6":[0],"7":[0,0],"8":[0,0],"9":[0,0,0],"10":[0,0],"11":[0,0],"12":[0,0],"13":[0,0],"14":[0,0],"15":[0,0],"16":[0,0],"17":[0,0],"18":[0],"19":[0,0],"20":[0,0],"21":[0,0],"22":[0,0],"23":[0,0],"24":[0,0],"25":[0,0],"26":[0,0],"27":[0,0],"28":[0,0]}}
,"C:\\Users\\Gerick and Wendy\\Documents\\aarpg - 55 - final\\Pantheos_4C\\server\\managers\\PartyManagerV2.js": {"path":"C:\\Users\\Gerick and Wendy\\Documents\\aarpg - 55 - final\\Pantheos_4C\\server\\managers\\PartyManagerV2.js","statementMap":{"0":{"start":{"line":1,"column":21},"end":{"line":1,"column":50}},"1":{"start":{"line":9,"column":8},"end":{"line":9,"column":33}},"2":{"start":{"line":10,"column":8},"end":{"line":10,"column":39}},"3":{"start":{"line":11,"column":8},"end":{"line":11,"column":40}},"4":{"start":{"line":12,"column":8},"end":{"line":12,"column":32}},"5":{"start":{"line":13,"column":8},"end":{"line":13,"column":38}},"6":{"start":{"line":16,"column":8},"end":{"line":16,"column":42}},"7":{"start":{"line":17,"column":8},"end":{"line":17,"column":41}},"8":{"start":{"line":20,"column":8},"end":{"line":25,"column":10}},"9":{"start":{"line":31,"column":8},"end":{"line":33,"column":9}},"10":{"start":{"line":32,"column":12},"end":{"line":32,"column":64}},"11":{"start":{"line":34,"column":8},"end":{"line":34,"column":31}},"12":{"start":{"line":38,"column":8},"end":{"line":40,"column":9}},"13":{"start":{"line":39,"column":12},"end":{"line":39,"column":108}},"14":{"start":{"line":41,"column":8},"end":{"line":41,"column":31}},"15":{"start":{"line":45,"column":20},"end":{"line":45,"column":30}},"16":{"start":{"line":46,"column":22},"end":{"line":46,"column":57}},"17":{"start":{"line":48,"column":8},"end":{"line":54,"column":9}},"18":{"start":{"line":49,"column":12},"end":{"line":52,"column":15}},"19":{"start":{"line":53,"column":12},"end":{"line":53,"column":37}},"20":{"start":{"line":56,"column":8},"end":{"line":58,"column":9}},"21":{"start":{"line":57,"column":12},"end":{"line":57,"column":79}},"22":{"start":{"line":60,"column":8},"end":{"line":60,"column":22}},"23":{"start":{"line":61,"column":8},"end":{"line":61,"column":33}},"24":{"start":{"line":67,"column":27},"end":{"line":67,"column":51}},"25":{"start":{"line":68,"column":8},"end":{"line":125,"column":9}},"26":{"start":{"line":69,"column":12},"end":{"line":69,"column":48}},"27":{"start":{"line":72,"column":31},"end":{"line":72,"column":62}},"28":{"start":{"line":73,"column":12},"end":{"line":75,"column":13}},"29":{"start":{"line":74,"column":16},"end":{"line":74,"column":67}},"30":{"start":{"line":77,"column":12},"end":{"line":79,"column":13}},"31":{"start":{"line":78,"column":16},"end":{"line":78,"column":71}},"32":{"start":{"line":82,"column":29},"end":{"line":85,"column":13}},"33":{"start":{"line":87,"column":28},"end":{"line":87,"column":43}},"34":{"start":{"line":90,"column":12},"end":{"line":93,"column":14}},"35":{"start":{"line":96,"column":12},"end":{"line":99,"column":14}},"36":{"start":{"line":102,"column":12},"end":{"line":105,"column":14}},"37":{"start":{"line":107,"column":12},"end":{"line":107,"column":38}},"38":{"start":{"line":110,"column":26},"end":{"line":110,"column":59}},"39":{"start":{"line":111,"column":12},"end":{"line":111,"column":45}},"40":{"start":{"line":112,"column":12},"end":{"line":112,"column":54}},"41":{"start":{"line":114,"column":12},"end":{"line":114,"column":42}},"42":{"start":{"line":115,"column":12},"end":{"line":115,"column":84}},"43":{"start":{"line":117,"column":12},"end":{"line":117,"column":63}},"44":{"start":{"line":119,"column":12},"end":{"line":119,"column":40}},"45":{"start":{"line":120,"column":12},"end":{"line":120,"column":34}},"46":{"start":{"line":121,"column":12},"end":{"line":121,"column":68}},"47":{"start":{"line":122,"column":12},"end":{"line":122,"column":60}},"48":{"start":{"line":124,"column":12},"end":{"line":124,"column":33}},"49":{"start":{"line":129,"column":8},"end":{"line":216,"column":9}},"50":{"start":{"line":131,"column":30},"end":{"line":131,"column":66}},"51":{"start":{"line":132,"column":12},"end":{"line":134,"column":13}},"52":{"start":{"line":133,"column":16},"end":{"line":133,"column":66}},"53":{"start":{"line":137,"column":26},"end":{"line":137,"column":51}},"54":{"start":{"line":138,"column":12},"end":{"line":140,"column":13}},"55":{"start":{"line":139,"column":16},"end":{"line":139,"column":68}},"56":{"start":{"line":143,"column":12},"end":{"line":145,"column":13}},"57":{"start":{"line":144,"column":16},"end":{"line":144,"column":78}},"58":{"start":{"line":148,"column":35},"end":{"line":148,"column":68}},"59":{"start":{"line":149,"column":12},"end":{"line":151,"column":13}},"60":{"start":{"line":150,"column":16},"end":{"line":150,"column":84}},"61":{"start":{"line":154,"column":33},"end":{"line":154,"column":74}},"62":{"start":{"line":155,"column":12},"end":{"line":157,"column":13}},"63":{"start":{"line":156,"column":16},"end":{"line":156,"column":70}},"64":{"start":{"line":160,"column":36},"end":{"line":165,"column":13}},"65":{"start":{"line":167,"column":12},"end":{"line":169,"column":13}},"66":{"start":{"line":168,"column":16},"end":{"line":168,"column":122}},"67":{"start":{"line":172,"column":31},"end":{"line":177,"column":13}},"68":{"start":{"line":179,"column":12},"end":{"line":184,"column":13}},"69":{"start":{"line":180,"column":39},"end":{"line":180,"column":50}},"70":{"start":{"line":181,"column":33},"end":{"line":181,"column":101}},"71":{"start":{"line":182,"column":16},"end":{"line":182,"column":135}},"72":{"start":{"line":183,"column":16},"end":{"line":183,"column":114}},"73":{"start":{"line":187,"column":30},"end":{"line":187,"column":74}},"74":{"start":{"line":188,"column":12},"end":{"line":190,"column":13}},"75":{"start":{"line":189,"column":16},"end":{"line":189,"column":66}},"76":{"start":{"line":193,"column":29},"end":{"line":196,"column":13}},"77":{"start":{"line":198,"column":29},"end":{"line":198,"column":44}},"78":{"start":{"line":200,"column":12},"end":{"line":206,"column":15}},"79":{"start":{"line":208,"column":12},"end":{"line":208,"column":39}},"80":{"start":{"line":209,"column":12},"end":{"line":209,"column":95}},"81":{"start":{"line":211,"column":12},"end":{"line":211,"column":58}},"82":{"start":{"line":213,"column":12},"end":{"line":213,"column":34}},"83":{"start":{"line":214,"column":12},"end":{"line":214,"column":69}},"84":{"start":{"line":215,"column":12},"end":{"line":215,"column":60}},"85":{"start":{"line":220,"column":27},"end":{"line":220,"column":51}},"86":{"start":{"line":221,"column":8},"end":{"line":324,"column":9}},"87":{"start":{"line":222,"column":12},"end":{"line":222,"column":48}},"88":{"start":{"line":225,"column":30},"end":{"line":231,"column":13}},"89":{"start":{"line":233,"column":12},"end":{"line":236,"column":13}},"90":{"start":{"line":234,"column":16},"end":{"line":234,"column":44}},"91":{"start":{"line":235,"column":16},"end":{"line":235,"column":80}},"92":{"start":{"line":238,"column":27},"end":{"line":238,"column":37}},"93":{"start":{"line":239,"column":34},"end":{"line":239,"column":49}},"94":{"start":{"line":240,"column":32},"end":{"line":240,"column":63}},"95":{"start":{"line":242,"column":12},"end":{"line":245,"column":13}},"96":{"start":{"line":243,"column":16},"end":{"line":243,"column":44}},"97":{"start":{"line":244,"column":16},"end":{"line":244,"column":75}},"98":{"start":{"line":248,"column":30},"end":{"line":248,"column":80}},"99":{"start":{"line":249,"column":12},"end":{"line":252,"column":13}},"100":{"start":{"line":250,"column":16},"end":{"line":250,"column":44}},"101":{"start":{"line":251,"column":16},"end":{"line":251,"column":66}},"102":{"start":{"line":255,"column":35},"end":{"line":255,"column":67}},"103":{"start":{"line":256,"column":12},"end":{"line":286,"column":13}},"104":{"start":{"line":257,"column":37},"end":{"line":257,"column":69}},"105":{"start":{"line":258,"column":16},"end":{"line":261,"column":17}},"106":{"start":{"line":259,"column":20},"end":{"line":259,"column":48}},"107":{"start":{"line":260,"column":20},"end":{"line":260,"column":96}},"108":{"start":{"line":264,"column":16},"end":{"line":285,"column":17}},"109":{"start":{"line":265,"column":40},"end":{"line":265,"column":106}},"110":{"start":{"line":266,"column":20},"end":{"line":269,"column":21}},"111":{"start":{"line":267,"column":24},"end":{"line":267,"column":52}},"112":{"start":{"line":268,"column":24},"end":{"line":268,"column":43}},"113":{"start":{"line":271,"column":20},"end":{"line":274,"column":22}},"114":{"start":{"line":276,"column":20},"end":{"line":276,"column":46}},"115":{"start":{"line":277,"column":20},"end":{"line":277,"column":57}},"116":{"start":{"line":279,"column":20},"end":{"line":284,"column":22}},"117":{"start":{"line":290,"column":12},"end":{"line":293,"column":14}},"118":{"start":{"line":296,"column":12},"end":{"line":299,"column":14}},"119":{"start":{"line":301,"column":12},"end":{"line":304,"column":14}},"120":{"start":{"line":306,"column":12},"end":{"line":306,"column":38}},"121":{"start":{"line":309,"column":12},"end":{"line":309,"column":47}},"122":{"start":{"line":310,"column":12},"end":{"line":310,"column":60}},"123":{"start":{"line":311,"column":12},"end":{"line":311,"column":49}},"124":{"start":{"line":313,"column":12},"end":{"line":313,"column":41}},"125":{"start":{"line":314,"column":12},"end":{"line":314,"column":86}},"126":{"start":{"line":316,"column":12},"end":{"line":316,"column":62}},"127":{"start":{"line":318,"column":12},"end":{"line":318,"column":40}},"128":{"start":{"line":319,"column":12},"end":{"line":319,"column":34}},"129":{"start":{"line":320,"column":12},"end":{"line":320,"column":70}},"130":{"start":{"line":321,"column":12},"end":{"line":321,"column":60}},"131":{"start":{"line":323,"column":12},"end":{"line":323,"column":33}},"132":{"start":{"line":328,"column":8},"end":{"line":361,"column":9}},"133":{"start":{"line":329,"column":32},"end":{"line":329,"column":63}},"134":{"start":{"line":330,"column":32},"end":{"line":330,"column":63}},"135":{"start":{"line":332,"column":12},"end":{"line":334,"column":13}},"136":{"start":{"line":333,"column":16},"end":{"line":333,"column":82}},"137":{"start":{"line":337,"column":12},"end":{"line":339,"column":13}},"138":{"start":{"line":338,"column":16},"end":{"line":338,"column":89}},"139":{"start":{"line":342,"column":12},"end":{"line":350,"column":13}},"140":{"start":{"line":343,"column":16},"end":{"line":346,"column":18}},"141":{"start":{"line":348,"column":16},"end":{"line":348,"column":51}},"142":{"start":{"line":349,"column":16},"end":{"line":349,"column":64}},"143":{"start":{"line":353,"column":12},"end":{"line":353,"column":94}},"144":{"start":{"line":354,"column":12},"end":{"line":354,"column":47}},"145":{"start":{"line":356,"column":12},"end":{"line":356,"column":86}},"146":{"start":{"line":357,"column":12},"end":{"line":357,"column":37}},"147":{"start":{"line":359,"column":12},"end":{"line":359,"column":69}},"148":{"start":{"line":360,"column":12},"end":{"line":360,"column":60}},"149":{"start":{"line":365,"column":27},"end":{"line":365,"column":51}},"150":{"start":{"line":366,"column":8},"end":{"line":434,"column":9}},"151":{"start":{"line":367,"column":12},"end":{"line":367,"column":48}},"152":{"start":{"line":369,"column":28},"end":{"line":369,"column":60}},"153":{"start":{"line":370,"column":12},"end":{"line":373,"column":13}},"154":{"start":{"line":371,"column":16},"end":{"line":371,"column":44}},"155":{"start":{"line":372,"column":16},"end":{"line":372,"column":67}},"156":{"start":{"line":375,"column":26},"end":{"line":375,"column":51}},"157":{"start":{"line":376,"column":12},"end":{"line":379,"column":13}},"158":{"start":{"line":377,"column":16},"end":{"line":377,"column":44}},"159":{"start":{"line":378,"column":16},"end":{"line":378,"column":68}},"160":{"start":{"line":382,"column":12},"end":{"line":385,"column":14}},"161":{"start":{"line":388,"column":12},"end":{"line":388,"column":72}},"162":{"start":{"line":388,"column":55},"end":{"line":388,"column":70}},"163":{"start":{"line":389,"column":12},"end":{"line":389,"column":48}},"164":{"start":{"line":391,"column":12},"end":{"line":391,"column":125}},"165":{"start":{"line":392,"column":12},"end":{"line":392,"column":88}},"166":{"start":{"line":393,"column":12},"end":{"line":393,"column":114}},"167":{"start":{"line":397,"column":12},"end":{"line":421,"column":13}},"168":{"start":{"line":399,"column":16},"end":{"line":401,"column":17}},"169":{"start":{"line":400,"column":20},"end":{"line":400,"column":56}},"170":{"start":{"line":404,"column":16},"end":{"line":409,"column":18}},"171":{"start":{"line":410,"column":16},"end":{"line":410,"column":96}},"172":{"start":{"line":412,"column":16},"end":{"line":412,"column":92}},"173":{"start":{"line":413,"column":16},"end":{"line":413,"column":45}},"174":{"start":{"line":414,"column":16},"end":{"line":414,"column":42}},"175":{"start":{"line":416,"column":31},"end":{"line":418,"column":55}},"176":{"start":{"line":419,"column":16},"end":{"line":419,"column":80}},"177":{"start":{"line":420,"column":16},"end":{"line":420,"column":66}},"178":{"start":{"line":423,"column":12},"end":{"line":423,"column":38}},"179":{"start":{"line":424,"column":12},"end":{"line":424,"column":78}},"180":{"start":{"line":426,"column":12},"end":{"line":426,"column":56}},"181":{"start":{"line":428,"column":12},"end":{"line":428,"column":40}},"182":{"start":{"line":429,"column":12},"end":{"line":429,"column":34}},"183":{"start":{"line":430,"column":12},"end":{"line":430,"column":67}},"184":{"start":{"line":431,"column":12},"end":{"line":431,"column":60}},"185":{"start":{"line":433,"column":12},"end":{"line":433,"column":33}},"186":{"start":{"line":440,"column":8},"end":{"line":462,"column":9}},"187":{"start":{"line":441,"column":30},"end":{"line":441,"column":99}},"188":{"start":{"line":442,"column":12},"end":{"line":442,"column":50}},"189":{"start":{"line":442,"column":38},"end":{"line":442,"column":50}},"190":{"start":{"line":444,"column":30},"end":{"line":447,"column":13}},"191":{"start":{"line":449,"column":26},"end":{"line":456,"column":13}},"192":{"start":{"line":452,"column":42},"end":{"line":452,"column":53}},"193":{"start":{"line":458,"column":12},"end":{"line":458,"column":25}},"194":{"start":{"line":460,"column":12},"end":{"line":460,"column":72}},"195":{"start":{"line":461,"column":12},"end":{"line":461,"column":24}},"196":{"start":{"line":466,"column":8},"end":{"line":482,"column":9}},"197":{"start":{"line":467,"column":30},"end":{"line":467,"column":76}},"198":{"start":{"line":469,"column":12},"end":{"line":477,"column":13}},"199":{"start":{"line":470,"column":34},"end":{"line":470,"column":74}},"200":{"start":{"line":471,"column":16},"end":{"line":476,"column":17}},"201":{"start":{"line":472,"column":20},"end":{"line":472,"column":64}},"202":{"start":{"line":473,"column":20},"end":{"line":475,"column":23}},"203":{"start":{"line":474,"column":24},"end":{"line":474,"column":73}},"204":{"start":{"line":479,"column":12},"end":{"line":479,"column":84}},"205":{"start":{"line":481,"column":12},"end":{"line":481,"column":69}},"206":{"start":{"line":486,"column":8},"end":{"line":508,"column":9}},"207":{"start":{"line":487,"column":30},"end":{"line":501,"column":13}},"208":{"start":{"line":503,"column":12},"end":{"line":503,"column":84}},"209":{"start":{"line":504,"column":12},"end":{"line":504,"column":46}},"210":{"start":{"line":506,"column":12},"end":{"line":506,"column":75}},"211":{"start":{"line":507,"column":12},"end":{"line":507,"column":60}},"212":{"start":{"line":512,"column":8},"end":{"line":512,"column":56}},"213":{"start":{"line":516,"column":8},"end":{"line":516,"column":49}},"214":{"start":{"line":520,"column":8},"end":{"line":533,"column":9}},"215":{"start":{"line":521,"column":12},"end":{"line":523,"column":14}},"216":{"start":{"line":525,"column":24},"end":{"line":525,"column":34}},"217":{"start":{"line":526,"column":12},"end":{"line":530,"column":13}},"218":{"start":{"line":527,"column":16},"end":{"line":529,"column":17}},"219":{"start":{"line":528,"column":20},"end":{"line":528,"column":57}},"220":{"start":{"line":532,"column":12},"end":{"line":532,"column":73}},"221":{"start":{"line":537,"column":22},"end":{"line":537,"column":47}},"222":{"start":{"line":538,"column":8},"end":{"line":538,"column":27}},"223":{"start":{"line":538,"column":20},"end":{"line":538,"column":27}},"224":{"start":{"line":540,"column":8},"end":{"line":549,"column":11}},"225":{"start":{"line":541,"column":27},"end":{"line":541,"column":67}},"226":{"start":{"line":542,"column":12},"end":{"line":548,"column":13}},"227":{"start":{"line":543,"column":16},"end":{"line":547,"column":17}},"228":{"start":{"line":544,"column":20},"end":{"line":544,"column":60}},"229":{"start":{"line":546,"column":20},"end":{"line":546,"column":104}},"230":{"start":{"line":553,"column":8},"end":{"line":558,"column":10}},"231":{"start":{"line":562,"column":0},"end":{"line":562,"column":38}}},"fnMap":{"0":{"name":"(anonymous_0)","decl":{"start":{"line":8,"column":4},"end":{"line":8,"column":5}},"loc":{"start":{"line":8,"column":18},"end":{"line":26,"column":5}},"line":8},"1":{"name":"(anonymous_1)","decl":{"start":{"line":30,"column":4},"end":{"line":30,"column":5}},"loc":{"start":{"line":30,"column":31},"end":{"line":35,"column":5}},"line":30},"2":{"name":"(anonymous_2)","decl":{"start":{"line":37,"column":4},"end":{"line":37,"column":5}},"loc":{"start":{"line":37,"column":35},"end":{"line":42,"column":5}},"line":37},"3":{"name":"(anonymous_3)","decl":{"start":{"line":44,"column":4},"end":{"line":44,"column":5}},"loc":{"start":{"line":44,"column":35},"end":{"line":62,"column":5}},"line":44},"4":{"name":"(anonymous_4)","decl":{"start":{"line":66,"column":4},"end":{"line":66,"column":5}},"loc":{"start":{"line":66,"column":46},"end":{"line":126,"column":5}},"line":66},"5":{"name":"(anonymous_5)","decl":{"start":{"line":128,"column":4},"end":{"line":128,"column":5}},"loc":{"start":{"line":128,"column":82},"end":{"line":217,"column":5}},"line":128},"6":{"name":"(anonymous_6)","decl":{"start":{"line":219,"column":4},"end":{"line":219,"column":5}},"loc":{"start":{"line":219,"column":43},"end":{"line":325,"column":5}},"line":219},"7":{"name":"(anonymous_7)","decl":{"start":{"line":327,"column":4},"end":{"line":327,"column":5}},"loc":{"start":{"line":327,"column":65},"end":{"line":362,"column":5}},"line":327},"8":{"name":"(anonymous_8)","decl":{"start":{"line":364,"column":4},"end":{"line":364,"column":5}},"loc":{"start":{"line":364,"column":31},"end":{"line":435,"column":5}},"line":364},"9":{"name":"(anonymous_9)","decl":{"start":{"line":388,"column":49},"end":{"line":388,"column":50}},"loc":{"start":{"line":388,"column":55},"end":{"line":388,"column":70}},"line":388},"10":{"name":"(anonymous_10)","decl":{"start":{"line":439,"column":4},"end":{"line":439,"column":5}},"loc":{"start":{"line":439,"column":33},"end":{"line":463,"column":5}},"line":439},"11":{"name":"(anonymous_11)","decl":{"start":{"line":452,"column":37},"end":{"line":452,"column":38}},"loc":{"start":{"line":452,"column":42},"end":{"line":452,"column":53}},"line":452},"12":{"name":"(anonymous_12)","decl":{"start":{"line":465,"column":4},"end":{"line":465,"column":5}},"loc":{"start":{"line":465,"column":27},"end":{"line":483,"column":5}},"line":465},"13":{"name":"(anonymous_13)","decl":{"start":{"line":473,"column":46},"end":{"line":473,"column":47}},"loc":{"start":{"line":473,"column":58},"end":{"line":475,"column":21}},"line":473},"14":{"name":"(anonymous_14)","decl":{"start":{"line":485,"column":4},"end":{"line":485,"column":5}},"loc":{"start":{"line":485,"column":35},"end":{"line":509,"column":5}},"line":485},"15":{"name":"(anonymous_15)","decl":{"start":{"line":511,"column":4},"end":{"line":511,"column":5}},"loc":{"start":{"line":511,"column":31},"end":{"line":513,"column":5}},"line":511},"16":{"name":"(anonymous_16)","decl":{"start":{"line":515,"column":4},"end":{"line":515,"column":5}},"loc":{"start":{"line":515,"column":22},"end":{"line":517,"column":5}},"line":515},"17":{"name":"(anonymous_17)","decl":{"start":{"line":519,"column":4},"end":{"line":519,"column":5}},"loc":{"start":{"line":519,"column":34},"end":{"line":534,"column":5}},"line":519},"18":{"name":"(anonymous_18)","decl":{"start":{"line":536,"column":4},"end":{"line":536,"column":5}},"loc":{"start":{"line":536,"column":51},"end":{"line":550,"column":5}},"line":536},"19":{"name":"(anonymous_19)","decl":{"start":{"line":540,"column":30},"end":{"line":540,"column":31}},"loc":{"start":{"line":540,"column":42},"end":{"line":549,"column":9}},"line":540},"20":{"name":"(anonymous_20)","decl":{"start":{"line":552,"column":4},"end":{"line":552,"column":5}},"loc":{"start":{"line":552,"column":17},"end":{"line":559,"column":5}},"line":552}},"branchMap":{"0":{"loc":{"start":{"line":31,"column":8},"end":{"line":33,"column":9}},"type":"if","locations":[{"start":{"line":31,"column":8},"end":{"line":33,"column":9}},{"start":{},"end":{}}],"line":31},"1":{"loc":{"start":{"line":31,"column":12},"end":{"line":31,"column":38}},"type":"binary-expr","locations":[{"start":{"line":31,"column":12},"end":{"line":31,"column":21}},{"start":{"line":31,"column":25},"end":{"line":31,"column":38}}],"line":31},"2":{"loc":{"start":{"line":38,"column":8},"end":{"line":40,"column":9}},"type":"if","locations":[{"start":{"line":38,"column":8},"end":{"line":40,"column":9}},{"start":{},"end":{}}],"line":38},"3":{"loc":{"start":{"line":48,"column":8},"end":{"line":54,"column":9}},"type":"if","locations":[{"start":{"line":48,"column":8},"end":{"line":54,"column":9}},{"start":{},"end":{}}],"line":48},"4":{"loc":{"start":{"line":48,"column":12},"end":{"line":48,"column":43}},"type":"binary-expr","locations":[{"start":{"line":48,"column":12},"end":{"line":48,"column":18}},{"start":{"line":48,"column":22},"end":{"line":48,"column":43}}],"line":48},"5":{"loc":{"start":{"line":56,"column":8},"end":{"line":58,"column":9}},"type":"if","locations":[{"start":{"line":56,"column":8},"end":{"line":58,"column":9}},{"start":{},"end":{}}],"line":56},"6":{"loc":{"start":{"line":66,"column":32},"end":{"line":66,"column":44}},"type":"default-arg","locations":[{"start":{"line":66,"column":42},"end":{"line":66,"column":44}}],"line":66},"7":{"loc":{"start":{"line":73,"column":12},"end":{"line":75,"column":13}},"type":"if","locations":[{"start":{"line":73,"column":12},"end":{"line":75,"column":13}},{"start":{},"end":{}}],"line":73},"8":{"loc":{"start":{"line":77,"column":12},"end":{"line":79,"column":13}},"type":"if","locations":[{"start":{"line":77,"column":12},"end":{"line":79,"column":13}},{"start":{},"end":{}}],"line":77},"9":{"loc":{"start":{"line":84,"column":27},"end":{"line":84,"column":47}},"type":"binary-expr","locations":[{"start":{"line":84,"column":27},"end":{"line":84,"column":39}},{"start":{"line":84,"column":43},"end":{"line":84,"column":47}}],"line":84},"10":{"loc":{"start":{"line":84,"column":49},"end":{"line":84,"column":74}},"type":"binary-expr","locations":[{"start":{"line":84,"column":49},"end":{"line":84,"column":65}},{"start":{"line":84,"column":69},"end":{"line":84,"column":74}}],"line":84},"11":{"loc":{"start":{"line":84,"column":76},"end":{"line":84,"column":117}},"type":"binary-expr","locations":[{"start":{"line":84,"column":76},"end":{"line":84,"column":94}},{"start":{"line":84,"column":98},"end":{"line":84,"column":117}}],"line":84},"12":{"loc":{"start":{"line":104,"column":26},"end":{"line":104,"column":53}},"type":"binary-expr","locations":[{"start":{"line":104,"column":26},"end":{"line":104,"column":45}},{"start":{"line":104,"column":49},"end":{"line":104,"column":53}}],"line":104},"13":{"loc":{"start":{"line":128,"column":66},"end":{"line":128,"column":80}},"type":"default-arg","locations":[{"start":{"line":128,"column":76},"end":{"line":128,"column":80}}],"line":128},"14":{"loc":{"start":{"line":132,"column":12},"end":{"line":134,"column":13}},"type":"if","locations":[{"start":{"line":132,"column":12},"end":{"line":134,"column":13}},{"start":{},"end":{}}],"line":132},"15":{"loc":{"start":{"line":138,"column":12},"end":{"line":140,"column":13}},"type":"if","locations":[{"start":{"line":138,"column":12},"end":{"line":140,"column":13}},{"start":{},"end":{}}],"line":138},"16":{"loc":{"start":{"line":143,"column":12},"end":{"line":145,"column":13}},"type":"if","locations":[{"start":{"line":143,"column":12},"end":{"line":145,"column":13}},{"start":{},"end":{}}],"line":143},"17":{"loc":{"start":{"line":149,"column":12},"end":{"line":151,"column":13}},"type":"if","locations":[{"start":{"line":149,"column":12},"end":{"line":151,"column":13}},{"start":{},"end":{}}],"line":149},"18":{"loc":{"start":{"line":155,"column":12},"end":{"line":157,"column":13}},"type":"if","locations":[{"start":{"line":155,"column":12},"end":{"line":157,"column":13}},{"start":{},"end":{}}],"line":155},"19":{"loc":{"start":{"line":155,"column":16},"end":{"line":155,"column":85}},"type":"binary-expr","locations":[{"start":{"line":155,"column":16},"end":{"line":155,"column":29}},{"start":{"line":155,"column":33},"end":{"line":155,"column":49}},{"start":{"line":155,"column":53},"end":{"line":155,"column":85}}],"line":155},"20":{"loc":{"start":{"line":167,"column":12},"end":{"line":169,"column":13}},"type":"if","locations":[{"start":{"line":167,"column":12},"end":{"line":169,"column":13}},{"start":{},"end":{}}],"line":167},"21":{"loc":{"start":{"line":179,"column":12},"end":{"line":184,"column":13}},"type":"if","locations":[{"start":{"line":179,"column":12},"end":{"line":184,"column":13}},{"start":{},"end":{}}],"line":179},"22":{"loc":{"start":{"line":188,"column":12},"end":{"line":190,"column":13}},"type":"if","locations":[{"start":{"line":188,"column":12},"end":{"line":190,"column":13}},{"start":{},"end":{}}],"line":188},"23":{"loc":{"start":{"line":233,"column":12},"end":{"line":236,"column":13}},"type":"if","locations":[{"start":{"line":233,"column":12},"end":{"line":236,"column":13}},{"start":{},"end":{}}],"line":233},"24":{"loc":{"start":{"line":242,"column":12},"end":{"line":245,"column":13}},"type":"if","locations":[{"start":{"line":242,"column":12},"end":{"line":245,"column":13}},{"start":{},"end":{}}],"line":242},"25":{"loc":{"start":{"line":249,"column":12},"end":{"line":252,"column":13}},"type":"if","locations":[{"start":{"line":249,"column":12},"end":{"line":252,"column":13}},{"start":{},"end":{}}],"line":249},"26":{"loc":{"start":{"line":256,"column":12},"end":{"line":286,"column":13}},"type":"if","locations":[{"start":{"line":256,"column":12},"end":{"line":286,"column":13}},{"start":{},"end":{}}],"line":256},"27":{"loc":{"start":{"line":258,"column":16},"end":{"line":261,"column":17}},"type":"if","locations":[{"start":{"line":258,"column":16},"end":{"line":261,"column":17}},{"start":{},"end":{}}],"line":258},"28":{"loc":{"start":{"line":258,"column":20},"end":{"line":258,"column":71}},"type":"binary-expr","locations":[{"start":{"line":258,"column":20},"end":{"line":258,"column":32}},{"start":{"line":258,"column":36},"end":{"line":258,"column":71}}],"line":258},"29":{"loc":{"start":{"line":264,"column":16},"end":{"line":285,"column":17}},"type":"if","locations":[{"start":{"line":264,"column":16},"end":{"line":285,"column":17}},{"start":{},"end":{}}],"line":264},"30":{"loc":{"start":{"line":264,"column":20},"end":{"line":264,"column":71}},"type":"binary-expr","locations":[{"start":{"line":264,"column":20},"end":{"line":264,"column":32}},{"start":{"line":264,"column":36},"end":{"line":264,"column":71}}],"line":264},"31":{"loc":{"start":{"line":266,"column":20},"end":{"line":269,"column":21}},"type":"if","locations":[{"start":{"line":266,"column":20},"end":{"line":269,"column":21}},{"start":{},"end":{}}],"line":266},"32":{"loc":{"start":{"line":332,"column":12},"end":{"line":334,"column":13}},"type":"if","locations":[{"start":{"line":332,"column":12},"end":{"line":334,"column":13}},{"start":{},"end":{}}],"line":332},"33":{"loc":{"start":{"line":332,"column":16},"end":{"line":332,"column":44}},"type":"binary-expr","locations":[{"start":{"line":332,"column":16},"end":{"line":332,"column":28}},{"start":{"line":332,"column":32},"end":{"line":332,"column":44}}],"line":332},"34":{"loc":{"start":{"line":337,"column":12},"end":{"line":339,"column":13}},"type":"if","locations":[{"start":{"line":337,"column":12},"end":{"line":339,"column":13}},{"start":{},"end":{}}],"line":337},"35":{"loc":{"start":{"line":370,"column":12},"end":{"line":373,"column":13}},"type":"if","locations":[{"start":{"line":370,"column":12},"end":{"line":373,"column":13}},{"start":{},"end":{}}],"line":370},"36":{"loc":{"start":{"line":376,"column":12},"end":{"line":379,"column":13}},"type":"if","locations":[{"start":{"line":376,"column":12},"end":{"line":379,"column":13}},{"start":{},"end":{}}],"line":376},"37":{"loc":{"start":{"line":393,"column":53},"end":{"line":393,"column":110}},"type":"binary-expr","locations":[{"start":{"line":393,"column":53},"end":{"line":393,"column":81}},{"start":{"line":393,"column":85},"end":{"line":393,"column":110}}],"line":393},"38":{"loc":{"start":{"line":397,"column":12},"end":{"line":421,"column":13}},"type":"if","locations":[{"start":{"line":397,"column":12},"end":{"line":421,"column":13}},{"start":{},"end":{}}],"line":397},"39":{"loc":{"start":{"line":397,"column":16},"end":{"line":397,"column":73}},"type":"binary-expr","locations":[{"start":{"line":397,"column":16},"end":{"line":397,"column":44}},{"start":{"line":397,"column":48},"end":{"line":397,"column":73}}],"line":397},"40":{"loc":{"start":{"line":416,"column":31},"end":{"line":418,"column":55}},"type":"cond-expr","locations":[{"start":{"line":416,"column":62},"end":{"line":416,"column":75}},{"start":{"line":417,"column":30},"end":{"line":418,"column":55}}],"line":416},"41":{"loc":{"start":{"line":417,"column":30},"end":{"line":418,"column":55}},"type":"cond-expr","locations":[{"start":{"line":417,"column":59},"end":{"line":417,"column":71}},{"start":{"line":418,"column":30},"end":{"line":418,"column":55}}],"line":417},"42":{"loc":{"start":{"line":442,"column":12},"end":{"line":442,"column":50}},"type":"if","locations":[{"start":{"line":442,"column":12},"end":{"line":442,"column":50}},{"start":{},"end":{}}],"line":442},"43":{"loc":{"start":{"line":471,"column":16},"end":{"line":476,"column":17}},"type":"if","locations":[{"start":{"line":471,"column":16},"end":{"line":476,"column":17}},{"start":{},"end":{}}],"line":471},"44":{"loc":{"start":{"line":512,"column":15},"end":{"line":512,"column":55}},"type":"binary-expr","locations":[{"start":{"line":512,"column":15},"end":{"line":512,"column":47}},{"start":{"line":512,"column":51},"end":{"line":512,"column":55}}],"line":512},"45":{"loc":{"start":{"line":516,"column":15},"end":{"line":516,"column":48}},"type":"binary-expr","locations":[{"start":{"line":516,"column":15},"end":{"line":516,"column":40}},{"start":{"line":516,"column":44},"end":{"line":516,"column":48}}],"line":516},"46":{"loc":{"start":{"line":527,"column":16},"end":{"line":529,"column":17}},"type":"if","locations":[{"start":{"line":527,"column":16},"end":{"line":529,"column":17}},{"start":{},"end":{}}],"line":527},"47":{"loc":{"start":{"line":538,"column":8},"end":{"line":538,"column":27}},"type":"if","locations":[{"start":{"line":538,"column":8},"end":{"line":538,"column":27}},{"start":{},"end":{}}],"line":538},"48":{"loc":{"start":{"line":542,"column":12},"end":{"line":548,"column":13}},"type":"if","locations":[{"start":{"line":542,"column":12},"end":{"line":548,"column":13}},{"start":{},"end":{}}],"line":542},"49":{"loc":{"start":{"line":542,"column":16},"end":{"line":542,"column":65}},"type":"binary-expr","locations":[{"start":{"line":542,"column":16},"end":{"line":542,"column":22}},{"start":{"line":542,"column":26},"end":{"line":542,"column":35}},{"start":{"line":542,"column":39},"end":{"line":542,"column":65}}],"line":542}},"s":{"0":0,"1":0,"2":0,"3":0,"4":0,"5":0,"6":0,"7":0,"8":0,"9":0,"10":0,"11":0,"12":0,"13":0,"14":0,"15":0,"16":0,"17":0,"18":0,"19":0,"20":0,"21":0,"22":0,"23":0,"24":0,"25":0,"26":0,"27":0,"28":0,"29":0,"30":0,"31":0,"32":0,"33":0,"34":0,"35":0,"36":0,"37":0,"38":0,"39":0,"40":0,"41":0,"42":0,"43":0,"44":0,"45":0,"46":0,"47":0,"48":0,"49":0,"50":0,"51":0,"52":0,"53":0,"54":0,"55":0,"56":0,"57":0,"58":0,"59":0,"60":0,"61":0,"62":0,"63":0,"64":0,"65":0,"66":0,"67":0,"68":0,"69":0,"70":0,"71":0,"72":0,"73":0,"74":0,"75":0,"76":0,"77":0,"78":0,"79":0,"80":0,"81":0,"82":0,"83":0,"84":0,"85":0,"86":0,"87":0,"88":0,"89":0,"90":0,"91":0,"92":0,"93":0,"94":0,"95":0,"96":0,"97":0,"98":0,"99":0,"100":0,"101":0,"102":0,"103":0,"104":0,"105":0,"106":0,"107":0,"108":0,"109":0,"110":0,"111":0,"112":0,"113":0,"114":0,"115":0,"116":0,"117":0,"118":0,"119":0,"120":0,"121":0,"122":0,"123":0,"124":0,"125":0,"126":0,"127":0,"128":0,"129":0,"130":0,"131":0,"132":0,"133":0,"134":0,"135":0,"136":0,"137":0,"138":0,"139":0,"140":0,"141":0,"142":0,"143":0,"144":0,"145":0,"146":0,"147":0,"148":0,"149":0,"150":0,"151":0,"152":0,"153":0,"154":0,"155":0,"156":0,"157":0,"158":0,"159":0,"160":0,"161":0,"162":0,"163":0,"164":0,"165":0,"166":0,"167":0,"168":0,"169":0,"170":0,"171":0,"172":0,"173":0,"174":0,"175":0,"176":0,"177":0,"178":0,"179":0,"180":0,"181":0,"182":0,"183":0,"184":0,"185":0,"186":0,"187":0,"188":0,"189":0,"190":0,"191":0,"192":0,"193":0,"194":0,"195":0,"196":0,"197":0,"198":0,"199":0,"200":0,"201":0,"202":0,"203":0,"204":0,"205":0,"206":0,"207":0,"208":0,"209":0,"210":0,"211":0,"212":0,"213":0,"214":0,"215":0,"216":0,"217":0,"218":0,"219":0,"220":0,"221":0,"222":0,"223":0,"224":0,"225":0,"226":0,"227":0,"228":0,"229":0,"230":0,"231":0},"f":{"0":0,"1":0,"2":0,"3":0,"4":0,"5":0,"6":0,"7":0,"8":0,"9":0,"10":0,"11":0,"12":0,"13":0,"14":0,"15":0,"16":0,"17":0,"18":0,"19":0,"20":0},"b":{"0":[0,0],"1":[0,0],"2":[0,0],"3":[0,0],"4":[0,0],"5":[0,0],"6":[0],"7":[0,0],"8":[0,0],"9":[0,0],"10":[0,0],"11":[0,0],"12":[0,0],"13":[0],"14":[0,0],"15":[0,0],"16":[0,0],"17":[0,0],"18":[0,0],"19":[0,0,0],"20":[0,0],"21":[0,0],"22":[0,0],"23":[0,0],"24":[0,0],"25":[0,0],"26":[0,0],"27":[0,0],"28":[0,0],"29":[0,0],"30":[0,0],"31":[0,0],"32":[0,0],"33":[0,0],"34":[0,0],"35":[0,0],"36":[0,0],"37":[0,0],"38":[0,0],"39":[0,0],"40":[0,0],"41":[0,0],"42":[0,0],"43":[0,0],"44":[0,0],"45":[0,0],"46":[0,0],"47":[0,0],"48":[0,0],"49":[0,0,0]}}
,"C:\\Users\\Gerick and Wendy\\Documents\\aarpg - 55 - final\\Pantheos_4C\\server\\routes\\auth.js": {"path":"C:\\Users\\Gerick and Wendy\\Documents\\aarpg - 55 - final\\Pantheos_4C\\server\\routes\\auth.js","statementMap":{"0":{"start":{"line":2,"column":16},"end":{"line":2,"column":34}},"1":{"start":{"line":3,"column":15},"end":{"line":3,"column":32}},"2":{"start":{"line":4,"column":17},"end":{"line":4,"column":46}},"3":{"start":{"line":6,"column":15},"end":{"line":6,"column":31}},"4":{"start":{"line":9,"column":0},"end":{"line":66,"column":3}},"5":{"start":{"line":10,"column":4},"end":{"line":65,"column":5}},"6":{"start":{"line":11,"column":49},"end":{"line":11,"column":57}},"7":{"start":{"line":13,"column":8},"end":{"line":13,"column":50}},"8":{"start":{"line":14,"column":8},"end":{"line":14,"column":43}},"9":{"start":{"line":15,"column":8},"end":{"line":15,"column":43}},"10":{"start":{"line":18,"column":8},"end":{"line":23,"column":9}},"11":{"start":{"line":19,"column":12},"end":{"line":22,"column":15}},"12":{"start":{"line":26,"column":27},"end":{"line":29,"column":9}},"13":{"start":{"line":31,"column":8},"end":{"line":37,"column":9}},"14":{"start":{"line":32,"column":12},"end":{"line":32,"column":53}},"15":{"start":{"line":33,"column":12},"end":{"line":36,"column":15}},"16":{"start":{"line":40,"column":29},"end":{"line":40,"column":60}},"17":{"start":{"line":41,"column":8},"end":{"line":41,"column":41}},"18":{"start":{"line":44,"column":32},"end":{"line":47,"column":9}},"19":{"start":{"line":49,"column":25},"end":{"line":49,"column":47}},"20":{"start":{"line":50,"column":8},"end":{"line":50,"column":63}},"21":{"start":{"line":51,"column":8},"end":{"line":51,"column":85}},"22":{"start":{"line":53,"column":8},"end":{"line":57,"column":11}},"23":{"start":{"line":60,"column":8},"end":{"line":60,"column":48}},"24":{"start":{"line":61,"column":8},"end":{"line":64,"column":11}},"25":{"start":{"line":69,"column":0},"end":{"line":159,"column":3}},"26":{"start":{"line":70,"column":4},"end":{"line":158,"column":5}},"27":{"start":{"line":71,"column":39},"end":{"line":71,"column":47}},"28":{"start":{"line":73,"column":8},"end":{"line":73,"column":47}},"29":{"start":{"line":74,"column":8},"end":{"line":74,"column":43}},"30":{"start":{"line":75,"column":8},"end":{"line":75,"column":72}},"31":{"start":{"line":77,"column":8},"end":{"line":83,"column":9}},"32":{"start":{"line":78,"column":12},"end":{"line":78,"column":49}},"33":{"start":{"line":79,"column":12},"end":{"line":82,"column":15}},"34":{"start":{"line":86,"column":27},"end":{"line":89,"column":9}},"35":{"start":{"line":91,"column":8},"end":{"line":97,"column":9}},"36":{"start":{"line":92,"column":12},"end":{"line":92,"column":44}},"37":{"start":{"line":93,"column":12},"end":{"line":96,"column":15}},"38":{"start":{"line":99,"column":24},"end":{"line":99,"column":35}},"39":{"start":{"line":100,"column":8},"end":{"line":100,"column":55}},"40":{"start":{"line":101,"column":8},"end":{"line":101,"column":73}},"41":{"start":{"line":102,"column":8},"end":{"line":102,"column":66}},"42":{"start":{"line":105,"column":8},"end":{"line":105,"column":45}},"43":{"start":{"line":106,"column":30},"end":{"line":106,"column":83}},"44":{"start":{"line":107,"column":8},"end":{"line":107,"column":54}},"45":{"start":{"line":109,"column":8},"end":{"line":115,"column":9}},"46":{"start":{"line":110,"column":12},"end":{"line":110,"column":58}},"47":{"start":{"line":111,"column":12},"end":{"line":114,"column":15}},"48":{"start":{"line":117,"column":8},"end":{"line":117,"column":42}},"49":{"start":{"line":120,"column":8},"end":{"line":123,"column":10}},"50":{"start":{"line":126,"column":29},"end":{"line":129,"column":9}},"51":{"start":{"line":132,"column":23},"end":{"line":139,"column":9}},"52":{"start":{"line":141,"column":8},"end":{"line":141,"column":44}},"53":{"start":{"line":142,"column":8},"end":{"line":142,"column":45}},"54":{"start":{"line":143,"column":8},"end":{"line":143,"column":68}},"55":{"start":{"line":144,"column":8},"end":{"line":144,"column":93}},"56":{"start":{"line":145,"column":8},"end":{"line":145,"column":110}},"57":{"start":{"line":147,"column":8},"end":{"line":150,"column":11}},"58":{"start":{"line":153,"column":8},"end":{"line":153,"column":45}},"59":{"start":{"line":154,"column":8},"end":{"line":157,"column":11}},"60":{"start":{"line":161,"column":0},"end":{"line":161,"column":24}}},"fnMap":{"0":{"name":"(anonymous_0)","decl":{"start":{"line":9,"column":25},"end":{"line":9,"column":26}},"loc":{"start":{"line":9,"column":45},"end":{"line":66,"column":1}},"line":9},"1":{"name":"(anonymous_1)","decl":{"start":{"line":69,"column":22},"end":{"line":69,"column":23}},"loc":{"start":{"line":69,"column":42},"end":{"line":159,"column":1}},"line":69}},"branchMap":{"0":{"loc":{"start":{"line":18,"column":8},"end":{"line":23,"column":9}},"type":"if","locations":[{"start":{"line":18,"column":8},"end":{"line":23,"column":9}},{"start":{},"end":{}}],"line":18},"1":{"loc":{"start":{"line":18,"column":12},"end":{"line":18,"column":34}},"type":"binary-expr","locations":[{"start":{"line":18,"column":12},"end":{"line":18,"column":21}},{"start":{"line":18,"column":25},"end":{"line":18,"column":34}}],"line":18},"2":{"loc":{"start":{"line":31,"column":8},"end":{"line":37,"column":9}},"type":"if","locations":[{"start":{"line":31,"column":8},"end":{"line":37,"column":9}},{"start":{},"end":{}}],"line":31},"3":{"loc":{"start":{"line":75,"column":40},"end":{"line":75,"column":70}},"type":"cond-expr","locations":[{"start":{"line":75,"column":51},"end":{"line":75,"column":66}},{"start":{"line":75,"column":69},"end":{"line":75,"column":70}}],"line":75},"4":{"loc":{"start":{"line":77,"column":8},"end":{"line":83,"column":9}},"type":"if","locations":[{"start":{"line":77,"column":8},"end":{"line":83,"column":9}},{"start":{},"end":{}}],"line":77},"5":{"loc":{"start":{"line":77,"column":12},"end":{"line":77,"column":34}},"type":"binary-expr","locations":[{"start":{"line":77,"column":12},"end":{"line":77,"column":21}},{"start":{"line":77,"column":25},"end":{"line":77,"column":34}}],"line":77},"6":{"loc":{"start":{"line":91,"column":8},"end":{"line":97,"column":9}},"type":"if","locations":[{"start":{"line":91,"column":8},"end":{"line":97,"column":9}},{"start":{},"end":{}}],"line":91},"7":{"loc":{"start":{"line":109,"column":8},"end":{"line":115,"column":9}},"type":"if","locations":[{"start":{"line":109,"column":8},"end":{"line":115,"column":9}},{"start":{},"end":{}}],"line":109},"8":{"loc":{"start":{"line":137,"column":16},"end":{"line":137,"column":35}},"type":"binary-expr","locations":[{"start":{"line":137,"column":16},"end":{"line":137,"column":29}},{"start":{"line":137,"column":33},"end":{"line":137,"column":35}}],"line":137},"9":{"loc":{"start":{"line":144,"column":45},"end":{"line":144,"column":91}},"type":"cond-expr","locations":[{"start":{"line":144,"column":64},"end":{"line":144,"column":87}},{"start":{"line":144,"column":90},"end":{"line":144,"column":91}}],"line":144},"10":{"loc":{"start":{"line":145,"column":46},"end":{"line":145,"column":108}},"type":"cond-expr","locations":[{"start":{"line":145,"column":65},"end":{"line":145,"column":99}},{"start":{"line":145,"column":102},"end":{"line":145,"column":108}}],"line":145}},"s":{"0":0,"1":0,"2":0,"3":0,"4":0,"5":0,"6":0,"7":0,"8":0,"9":0,"10":0,"11":0,"12":0,"13":0,"14":0,"15":0,"16":0,"17":0,"18":0,"19":0,"20":0,"21":0,"22":0,"23":0,"24":0,"25":0,"26":0,"27":0,"28":0,"29":0,"30":0,"31":0,"32":0,"33":0,"34":0,"35":0,"36":0,"37":0,"38":0,"39":0,"40":0,"41":0,"42":0,"43":0,"44":0,
[...]
":12},"end":{"line":919,"column":13}},{"start":{"line":899,"column":19},"end":{"line":919,"column":13}}],"line":867},"94":{"loc":{"start":{"line":875,"column":32},"end":{"line":875,"column":66}},"type":"binary-expr","locations":[{"start":{"line":875,"column":32},"end":{"line":875,"column":45}},{"start":{"line":875,"column":49},"end":{"line":875,"column":66}}],"line":875},"95":{"loc":{"start":{"line":883,"column":120},"end":{"line":883,"column":151}},"type":"binary-expr","locations":[{"start":{"line":883,"column":120},"end":{"line":883,"column":132}},{"start":{"line":883,"column":136},"end":{"line":883,"column":151}}],"line":883},"96":{"loc":{"start":{"line":884,"column":20},"end":{"line":895,"column":21}},"type":"if","locations":[{"start":{"line":884,"column":20},"end":{"line":895,"column":21}},{"start":{"line":893,"column":27},"end":{"line":895,"column":21}}],"line":884},"97":{"loc":{"start":{"line":884,"column":24},"end":{"line":884,"column":55}},"type":"binary-expr","locations":[{"start":{"line":884,"column":24},"end":{"line":884,"column":36}},{"start":{"line":884,"column":40},"end":{"line":884,"column":55}}],"line":884},"98":{"loc":{"start":{"line":889,"column":40},"end":{"line":889,"column":74}},"type":"binary-expr","locations":[{"start":{"line":889,"column":40},"end":{"line":889,"column":53}},{"start":{"line":889,"column":57},"end":{"line":889,"column":74}}],"line":889},"99":{"loc":{"start":{"line":898,"column":67},"end":{"line":898,"column":100}},"type":"binary-expr","locations":[{"start":{"line":898,"column":67},"end":{"line":898,"column":80}},{"start":{"line":898,"column":84},"end":{"line":898,"column":100}}],"line":898},"100":{"loc":{"start":{"line":908,"column":16},"end":{"line":917,"column":17}},"type":"if","locations":[{"start":{"line":908,"column":16},"end":{"line":917,"column":17}},{"start":{},"end":{}}],"line":908},"101":{"loc":{"start":{"line":930,"column":8},"end":{"line":930,"column":30}},"type":"if","locations":[{"start":{"line":930,"column":8},"end":{"line":930,"column":30}},{"start":{},"end":{}}],"line":930},"102":{"loc":{"start":{"line":935,"column":8},"end":{"line":941,"column":9}},"type":"if","locations":[{"start":{"line":935,"column":8},"end":{"line":941,"column":9}},{"start":{},"end":{}}],"line":935},"103":{"loc":{"start":{"line":944,"column":8},"end":{"line":950,"column":9}},"type":"if","locations":[{"start":{"line":944,"column":8},"end":{"line":950,"column":9}},{"start":{},"end":{}}],"line":944},"104":{"loc":{"start":{"line":944,"column":12},"end":{"line":944,"column":50}},"type":"binary-expr","locations":[{"start":{"line":944,"column":12},"end":{"line":944,"column":18}},{"start":{"line":944,"column":22},"end":{"line":944,"column":50}}],"line":944},"105":{"loc":{"start":{"line":957,"column":8},"end":{"line":962,"column":9}},"type":"if","locations":[{"start":{"line":957,"column":8},"end":{"line":962,"column":9}},{"start":{},"end":{}}],"line":957},"106":{"loc":{"start":{"line":957,"column":12},"end":{"line":957,"column":43}},"type":"binary-expr","locations":[{"start":{"line":957,"column":12},"end":{"line":957,"column":24}},{"start":{"line":957,"column":28},"end":{"line":957,"column":43}}],"line":957},"107":{"loc":{"start":{"line":967,"column":8},"end":{"line":1004,"column":9}},"type":"if","locations":[{"start":{"line":967,"column":8},"end":{"line":1004,"column":9}},{"start":{"line":999,"column":15},"end":{"line":1004,"column":9}}],"line":967},"108":{"loc":{"start":{"line":968,"column":12},"end":{"line":998,"column":13}},"type":"if","locations":[{"start":{"line":968,"column":12},"end":{"line":998,"column":13}},{"start":{"line":983,"column":19},"end":{"line":998,"column":13}}],"line":968},"109":{"loc":{"start":{"line":972,"column":20},"end":{"line":980,"column":21}},"type":"if","locations":[{"start":{"line":972,"column":20},"end":{"line":980,"column":21}},{"start":{},"end":{}}],"line":972},"110":{"loc":{"start":{"line":972,"column":24},"end":{"line":972,"column":55}},"type":"binary-expr","locations":[{"start":{"line":972,"column":24},"end":{"line":972,"column":36}},{"start":{"line":972,"column":40},"end":{"line":972,"column":55}}],"line":972},"111":{"loc":{"start":{"line":986,"column":16},"end":{"line":996,"column":17}},"type":"if","locations":[{"start":{"line":986,"column":16},"end":{"line":996,"column":17}},{"start":{},"end":{}}],"line":986},"112":{"loc":{"start":{"line":1009,"column":8},"end":{"line":1009,"column":30}},"type":"if","locations":[{"start":{"line":1009,"column":8},"end":{"line":1009,"column":30}},{"start":{},"end":{}}],"line":1009},"113":{"loc":{"start":{"line":1014,"column":8},"end":{"line":1020,"column":9}},"type":"if","locations":[{"start":{"line":1014,"column":8},"end":{"line":1020,"column":9}},{"start":{},"end":{}}],"line":1014},"114":{"loc":{"start":{"line":1023,"column":8},"end":{"line":1029,"column":9}},"type":"if","locations":[{"start":{"line":1023,"column":8},"end":{"line":1029,"column":9}},{"start":{},"end":{}}],"line":1023},"115":{"loc":{"start":{"line":1023,"column":12},"end":{"line":1023,"column":50}},"type":"binary-expr","locations":[{"start":{"line":1023,"column":12},"end":{"line":1023,"column":18}},{"start":{"line":1023,"column":22},"end":{"line":1023,"column":50}}],"line":1023},"116":{"loc":{"start":{"line":1031,"column":8},"end":{"line":1037,"column":9}},"type":"if","locations":[{"start":{"line":1031,"column":8},"end":{"line":1037,"column":9}},{"start":{},"end":{}}],"line":1031},"117":{"loc":{"start":{"line":1092,"column":8},"end":{"line":1092,"column":30}},"type":"if","locations":[{"start":{"line":1092,"column":8},"end":{"line":1092,"column":30}},{"start":{},"end":{}}],"line":1092},"118":{"loc":{"start":{"line":1095,"column":8},"end":{"line":1098,"column":9}},"type":"if","locations":[{"start":{"line":1095,"column":8},"end":{"line":1098,"column":9}},{"start":{},"end":{}}],"line":1095},"119":{"loc":{"start":{"line":1130,"column":8},"end":{"line":1130,"column":30}},"type":"if","locations":[{"start":{"line":1130,"column":8},"end":{"line":1130,"column":30}},{"start":{},"end":{}}],"line":1130},"120":{"loc":{"start":{"line":1133,"column":8},"end":{"line":1135,"column":9}},"type":"if","locations":[{"start":{"line":1133,"column":8},"end":{"line":1135,"column":9}},{"start":{},"end":{}}],"line":1133},"121":{"loc":{"start":{"line":1138,"column":8},"end":{"line":1140,"column":9}},"type":"if","locations":[{"start":{"line":1138,"column":8},"end":{"line":1140,"column":9}},{"start":{},"end":{}}],"line":1138},"122":{"loc":{"start":{"line":1144,"column":8},"end":{"line":1167,"column":9}},"type":"if","locations":[{"start":{"line":1144,"column":8},"end":{"line":1167,"column":9}},{"start":{},"end":{}}],"line":1144},"123":{"loc":{"start":{"line":1146,"column":12},"end":{"line":1166,"column":13}},"type":"if","locations":[{"start":{"line":1146,"column":12},"end":{"line":1166,"column":13}},{"start":{},"end":{}}],"line":1146},"124":{"loc":{"start":{"line":1147,"column":16},"end":{"line":1164,"column":17}},"type":"if","locations":[{"start":{"line":1147,"column":16},"end":{"line":1164,"column":17}},{"start":{"line":1152,"column":23},"end":{"line":1164,"column":17}}],"line":1147},"125":{"loc":{"start":{"line":1154,"column":20},"end":{"line":1163,"column":21}},"type":"if","locations":[{"start":{"line":1154,"column":20},"end":{"line":1163,"column":21}},{"start":{},"end":{}}],"line":1154},"126":{"loc":{"start":{"line":1186,"column":8},"end":{"line":1186,"column":33}},"type":"if","locations":[{"start":{"line":1186,"column":8},"end":{"line":1186,"column":33}},{"start":{},"end":{}}],"line":1186},"127":{"loc":{"start":{"line":1189,"column":8},"end":{"line":1192,"column":9}},"type":"if","locations":[{"start":{"line":1189,"column":8},"end":{"line":1192,"column":9}},{"start":{},"end":{}}],"line":1189},"128":{"loc":{"start":{"line":1195,"column":8},"end":{"line":1195,"column":31}},"type":"if","locations":[{"start":{"line":1195,"column":8},"end":{"line":1195,"column":31}},{"start":{},"end":{}}],"line":1195},"129":{"loc":{"start":{"line":1199,"column":8},"end":{"line":1210,"column":9}},"type":"if","locations":[{"start":{"line":1199,"column":8},"end":{"line":1210,"column":9}},{"start":{"line":1208,"column":15},"end":{"line":1210,"column":9}}],"line":1199},"130":{"loc":{"start":{"line":1215,"column":8},"end":{"line":1215,"column":32}},"type":"if","locations":[{"start":{"line":1215,"column":8},"end":{"line":1215,"column":32}},{"start":{},"end":{}}],"line":1215},"131":{"loc":{"start":{"line":1218,"column":8},"end":{"line":1218,"column":33}},"type":"if","locations":[{"start":{"line":1218,"column":8},"end":{"line":1218,"column":33}},{"start":{},"end":{}}],"line":1218},"132":{"loc":{"start":{"line":1223,"column":8},"end":{"line":1223,"column":44}},"type":"if","locations":[{"start":{"line":1223,"column":8},"end":{"line":1223,"column":44}},{"start":{},"end":{}}],"line":1223},"133":{"loc":{"start":{"line":1223,"column":12},"end":{"line":1223,"column":35}},"type":"binary-expr","locations":[{"start":{"line":1223,"column":12},"end":{"line":1223,"column":21}},{"start":{"line":1223,"column":25},"end":{"line":1223,"column":35}}],"line":1223},"134":{"loc":{"start":{"line":1227,"column":8},"end":{"line":1235,"column":9}},"type":"if","locations":[{"start":{"line":1227,"column":8},"end":{"line":1235,"column":9}},{"start":{},"end":{}}],"line":1227},"135":{"loc":{"start":{"line":1248,"column":8},"end":{"line":1258,"column":9}},"type":"if","locations":[{"start":{"line":1248,"column":8},"end":{"line":1258,"column":9}},{"start":{},"end":{}}],"line":1248},"136":{"loc":{"start":{"line":1265,"column":8},"end":{"line":1265,"column":32}},"type":"if","locations":[{"start":{"line":1265,"column":8},"end":{"line":1265,"column":32}},{"start":{},"end":{}}],"line":1265},"137":{"loc":{"start":{"line":1268,"column":8},"end":{"line":1268,"column":33}},"type":"if","locations":[{"start":{"line":1268,"column":8},"end":{"line":1268,"column":33}},{"start":{},"end":{}}],"line":1268},"138":{"loc":{"start":{"line":1271,"column":8},"end":{"line":1271,"column":30}},"type":"if","locations":[{"start":{"line":1271,"column":8},"end":{"line":1271,"column":30}},{"start":{},"end":{}}],"line":1271},"139":{"loc":{"start":{"line":1275,"column":8},"end":{"line":1283,"column":9}},"type":"if","locations":[{"start":{"line":1275,"column":8},"end":{"line":1283,"column":9}},{"start":{},"end":{}}],"line":1275},"140":{"loc":{"start":{"line":1290,"column":8},"end":{"line":1290,"column":32}},"type":"if","locations":[{"start":{"line":1290,"column":8},"end":{"line":1290,"column":32}},{"start":{},"end":{}}],"line":1290},"141":{"loc":{"start":{"line":1295,"column":8},"end":{"line":1295,"column":42}},"type":"if","locations":[{"start":{"line":1295,"column":8},"end":{"line":1295,"column":42}},{"start":{},"end":{}}],"line":1295},"142":{"loc":{"start":{"line":1295,"column":12},"end":{"line":1295,"column":33}},"type":"binary-expr","locations":[{"start":{"line":1295,"column":12},"end":{"line":1295,"column":21}},{"start":{"line":1295,"column":25},"end":{"line":1295,"column":33}}],"line":1295},"143":{"loc":{"start":{"line":1300,"column":8},"end":{"line":1300,"column":38}},"type":"if","locations":[{"start":{"line":1300,"column":8},"end":{"line":1300,"column":38}},{"start":{},"end":{}}],"line":1300},"144":{"loc":{"start":{"line":1300,"column":12},"end":{"line":1300,"column":29}},"type":"binary-expr","locations":[{"start":{"line":1300,"column":12},"end":{"line":1300,"column":19}},{"start":{"line":1300,"column":23},"end":{"line":1300,"column":29}}],"line":1300},"145":{"loc":{"start":{"line":1316,"column":8},"end":{"line":1318,"column":9}},"type":"if","locations":[{"start":{"line":1316,"column":8},"end":{"line":1318,"column":9}},{"start":{},"end":{}}],"line":1316},"146":{"loc":{"start":{"line":1320,"column":8},"end":{"line":1322,"column":9}},"type":"if","locations":[{"start":{"line":1320,"column":8},"end":{"line":1322,"column":9}},{"start":{},"end":{}}],"line":1320},"147":{"loc":{"start":{"line":1332,"column":8},"end":{"line":1335,"column":9}},"type":"if","locations":[{"start":{"line":1332,"column":8},"end":{"line":1335,"column":9}},{"start":{},"end":{}}],"line":1332},"148":{"loc":{"start":{"line":1338,"column":23},"end":{"line":1338,"column":42}},"type":"binary-expr","locations":[{"start":{"line":1338,"column":23},"end":{"line":1338,"column":37}},{"start":{"line":1338,"column":41},"end":{"line":1338,"column":42}}],"line":1338},"149":{"loc":{"start":{"line":1342,"column":8},"end":{"line":1345,"column":9}},"type":"if","locations":[{"start":{"line":1342,"column":8},"end":{"line":1345,"column":9}},{"start":{},"end":{}}],"line":1342},"150":{"loc":{"start":{"line":1342,"column":12},"end":{"line":1342,"column":36}},"type":"binary-expr","locations":[{"start":{"line":1342,"column":12},"end":{"line":1342,"column":21}},{"start":{"line":1342,"column":25},"end":{"line":1342,"column":36}}],"line":1342},"151":{"loc":{"start":{"line":1350,"column":8},"end":{"line":1354,"column":9}},"type":"if","locations":[{"start":{"line":1350,"column":8},"end":{"line":1354,"column":9}},{"start":{},"end":{}}],"line":1350},"152":{"loc":{"start":{"line":1350,"column":12},"end":{"line":1350,"column":32}},"type":"binary-expr","locations":[{"start":{"line":1350,"column":12},"end":{"line":1350,"column":21}},{"start":{"line":1350,"column":25},"end":{"line":1350,"column":32}}],"line":1350},"153":{"loc":{"start":{"line":1363,"column":8},"end":{"line":1374,"column":9}},"type":"if","locations":[{"start":{"line":1363,"column":8},"end":{"line":1374,"column":9}},{"start":{},"end":{}}],"line":1363}},"s":{"0":0,"1":0,"2":0,"3":0,"4":0,"5":0,"6":0,"7":0,"8":0,"9":0,"10":0,"11":0,"12":0,"13":0,"14":0,"15":0,"16":0,"17":0,"18":0,"19":0,"20":0,"21":0,"22":0,"23":0,"24":0,"25":0,"26":0,"27":0,"28":0,"29":0,"30":0,"31":0,"32":0,"33":0,"34":0,"35":0,"36":0,"37":0,"38":0,"39":0,"40":0,"41":0,"42":0,"43":0,"44":0,"45":0,"46":0,"47":0,"48":0,"49":0,"50":0,"51":0,"52":0,"53":0,"54":0,"55":0,"56":0,"57":0,"58":0,"59":0,"60":0,"61":0,"62":0,"63":0,"64":0,"65":0,"66":0,"67":0,"68":0,"69":0,"70":0,"71":0,"72":0,"73":0,"74":0,"75":0,"76":0,"77":0,"78":0,"79":0,"80":0,"81":0,"82":0,"83":0,"84":0,"85":0,"86":0,"87":0,"88":0,"89":0,"90":0,"91":0,"92":0,"93":0,"94":0,"95":0,"96":0,"97":0,"98":0,"99":0,"100":0,"101":0,"102":0,"103":0,"104":0,"105":0,"106":0,"107":0,"108":0,"109":0,"110":0,"111":0,"112":0,"113":0,"114":0,"115":0,"116":0,"117":0,"118":0,"119":0,"120":0,"121":0,"122":0,"123":0,"124":0,"125":0,"126":0,"127":0,"128":0,"129":0,"130":0,"131":0,"132":0,"133":0,"134":0,"135":0,"136":0,"137":0,"138":0,"139":0,"140":0,"141":0,"142":0,"143":0,"144":0,"145":0,"146":0,"147":0,"148":0,"149":0,"150":0,"151":0,"152":0,"153":0,"154":0,"155":0,"156":0,"157":0,"158":0,"159":0,"160":0,"161":0,"162":0,"163":0,"164":0,"165":0,"166":0,"167":0,"168":0,"169":0,"170":0,"171":0,"172":0,"173":0,"174":0,"175":0,"176":0,"177":0,"178":0,"179":0,"180":0,"181":0,"182":0,"183":0,"184":0,"185":0,"186":0,"187":0,"188":0,"189":0,"190":0,"191":0,"192":0,"193":0,"194":0,"195":0,"196":0,"197":0,"198":0,"199":0,"200":0,"201":0,"202":0,"203":0,"204":0,"205":0,"206":0,"207":0,"208":0,"209":0,"210":0,"211":0,"212":0,"213":0,"214":0,"215":0,"216":0,"217":0,"218":0,"219":0,"220":0,"221":0,"222":0,"223":0,"224":0,"225":0,"226":0,"227":0,"228":0,"229":0,"230":0,"231":0,"232":0,"233":0,"234":0,"235":0,"236":0,"237":0,"238":0,"239":0,"240":0,"241":0,"242":0,"243":0,"244":0,"245":0,"246":0,"247":0,"248":0,"249":0,"250":0,"251":0,"252":0,"253":0,"254":0,"255":0,"256":0,"257":0,"258":0,"259":0,"260":0,"261":0,"262":0,"263":0,"264":0,"265":0,"266":0,"267":0,"268":0,"269":0,"270":0,"271":0,"272":0,"273":0,"274":0,"275":0,"276":0,"277":0,"278":0,"279":0,"280":0,"281":0,"282":0,"283":0,"284":0,"285":0,"286":0,"287":0,"288":0,"289":0,"290":0,"291":0,"292":0,"293":0,"294":0,"295":0,"296":0,"297":0,"298":0,"299":0,"300":0,"301":0,"302":0,"303":0,"304":0,"305":0,"306":0,"307":0,"308":0,"309":0,"310":0,"311":0,"312":0,"313":0,"314":0,"315":0,"316":0,"317":0,"318":0,"319":0,"320":0,"321":0,"322":0,"323":0,"324":0,"325":0,"326":0,"327":0,"328":0,"329":0,"330":0,"331":0,"332":0,"333":0,"334":0,"335":0,"336":0,"337":0,"338":0,"339":0,"340":0,"341":0,"342":0,"343":0,"344":0,"345":0,"346":0,"347":0,"348":0,"349":0,"350":0,"351":0,"352":0,"353":0,"354":0,"355":0,"356":0,"357":0,"358":0,"359":0,"360":0,"361":0,"362":0,"363":0,"364":0,"365":0,"366":0,"367":0,"368":0,"369":0,"370":0,"371":0,"372":0,"373":0,"374":0,"375":0,"376":0,"377":0,"378":0,"379":0,"380":0,"381":0,"382":0,"383":0,"384":0,"385":0,"386":0,"387":0,"388":0,"389":0,"390":0,"391":0,"392":0,"393":0,"394":0,"395":0,"396":0,"397":0,"398":0,"399":0,"400":0,"401":0,"402":0,"403":0,"404":0,"405":0,"406":0,"407":0,"408":0,"409":0,"410":0,"411":0,"412":0,"413":0,"414":0,"415":0,"416":0,"417":0,"418":0,"419":0,"420":0,"421":0,"422":0,"423":0,"424":0,"425":0,"426":0,"427":0,"428":0,"429":0,"430":0,"431":0,"432":0,"433":0,"434":0,"435":0,"436":0,"437":0,"438":0,"439":0,"440":0,"441":0,"442":0,"443":0,"444":0,"445":0,"446":0,"447":0,"448":0,"449":0,"450":0,"451":0,"452":0,"453":0,"454":0,"455":0,"456":0,"457":0,"458":0,"459":0,"460":0,"461":0,"462":0,"463":0,"464":0,"465":0,"466":0,"467":0,"468":0,"469":0,"470":0,"471":0,"472":0,"473":0,"474":0,"475":0,"476":0,"477":0,"478":0,"479":0,"480":0,"481":0,"482":0,"483":0,"484":0,"485":0,"486":0,"487":0,"488":0,"489":0,"490":0,"491":0,"492":0,"493":0,"494":0,"495":0,"496":0,"497":0,"498":0,"499":0,"500":0,"501":0,"502":0,"503":0,"504":0,"505":0,"506":0,"507":0,"508":0,"509":0,"510":0,"511":0,"512":0,"513":0,"514":0,"515":0,"516":0,"517":0,"518":0,"519":0,"520":0,"521":0,"522":0,"523":0,"524":0,"525":0,"526":0,"527":0,"528":0,"529":0,"530":0,"531":0,"532":0,"533":0,"534":0,"535":0,"536":0,"537":0,"538":0,"539":0,"540":0,"541":0,"542":0,"543":0,"544":0,"545":0,"546":0,"547":0,"548":0,"549":0,"550":0,"551":0,"552":0},"f":{"0":0,"1":0,"2":0,"3":0,"4":0,"5":0,"6":0,"7":0,"8":0,"9":0,"10":0,"11":0,"12":0,"13":0,"14":0,"15":0,"16":0,"17":0,"18":0,"19":0,"20":0,"21":0,"22":0,"23":0,"24":0,"25":0,"26":0,"27":0,"28":0,"29":0,"30":0,"31":0,"32":0,"33":0,"34":0,"35":0,"36":0,"37":0,"38":0,"39":0,"40":0,"41":0,"42":0,"43":0,"44":0,"45":0,"46":0,"47":0,"48":0},"b":{"0":[0,0],"1":[0,0],"2":[0,0,0,0,0,0,0,0,0,0,0,0,0,0,0,0,0,0,0,0,0,0],"3":[0,0],"4":[0,0],"5":[0,0],"6":[0,0],"7":[0,0],"8":[0,0],"9":[0,0],"10":[0,0],"11":[0,0],"12":[0,0],"13":[0,0],"14":[0,0],"15":[0,0],"16":[0,0],"17":[0,0],"18":[0,0],"19":[0,0],"20":[0,0],"21":[0,0],"22":[0,0],"23":[0,0],"24":[0,0],"25":[0,0],"26":[0,0],"27":[0,0],"28":[0,0],"29":[0,0],"30":[0,0],"31":[0,0],"32":[0,0],"33":[0,0],"34":[0,0],"35":[0,0,0,0],"36":[0,0],"37":[0,0],"38":[0,0],"39":[0,0],"40":[0,0],"41":[0,0],"42":[0,0],"43":[0,0],"44":[0,0],"45":[0,0],"46":[0,0],"47":[0,0],"48":[0,0],"49":[0,0],"50":[0,0],"51":[0,0],"52":[0,0],"53":[0],"54":[0,0],"55":[0,0],"56":[0,0],"57":[0,0],"58":[0,0],"59":[0,0,0,0,0],"60":[0,0],"61":[0,0],"62":[0,0],"63":[0,0],"64":[0,0],"65":[0,0],"66":[0,0],"67":[0,0],"68":[0,0],"69":[0,0],"70":[0,0],"71":[0,0],"72":[0,0],"73":[0,0],"74":[0,0],"75":[0,0],"76":[0,0],"77":[0,0],"78":[0,0],"79":[0,0],"80":[0,0],"81":[0,0],"82":[0,0],"83":[0,0],"84":[0,0],"85":[0,0],"86":[0,0],"87":[0,0],"88":[0,0],"89":[0,0],"90":[0,0],"91":[0,0],"92":[0,0],"93":[0,0],"94":[0,0],"95":[0,0],"96":[0,0],"97":[0,0],"98":[0,0],"99":[0,0],"100":[0,0],"101":[0,0],"102":[0,0],"103":[0,0],"104":[0,0],"105":[0,0],"106":[0,0],"107":[0,0],"108":[0,0],"109":[0,0],"110":[0,0],"111":[0,0],"112":[0,0],"113":[0,0],"114":[0,0],"115":[0,0],"116":[0,0],"117":[0,0],"118":[0,0],"119":[0,0],"120":[0,0],"121":[0,0],"122":[0,0],"123":[0,0],"124":[0,0],"125":[0,0],"126":[0,0],"127":[0,0],"128":[0,0],"129":[0,0],"130":[0,0],"131":[0,0],"132":[0,0],"133":[0,0],"134":[0,0],"135":[0,0],"136":[0,0],"137":[0,0],"138":[0,0],"139":[0,0],"140":[0,0],"141":[0,0],"142":[0,0],"143":[0,0],"144":[0,0],"145":[0,0],"146":[0,0],"147":[0,0],"148":[0,0],"149":[0,0],"150":[0,0],"151":[0,0],"152":[0,0],"153":[0,0]}}
}
